Plan hash value: 1964393712
 
--------------------------------------------------------------------------------------------------
| Id  | Operation            | Name              | Rows  | Bytes |TempSpc| Cost (%CPU)| Time     |
--------------------------------------------------------------------------------------------------
|   0 | SELECT STATEMENT     |                   |     1 |    36 |       | 59510   (1)| 00:00:03 |
|   1 |  SORT AGGREGATE      |                   |     1 |    36 |       |            |          |
|*  2 |   HASH JOIN          |                   |   136K|  4796K|  9864K| 59510   (1)| 00:00:03 |
|*  3 |    HASH JOIN         |                   |   296K|  6379K|  1736K| 37536   (1)| 00:00:02 |
|*  4 |     TABLE ACCESS FULL| COMPUTER          | 73835 |   865K|       | 34159   (1)| 00:00:02 |
|   5 |     TABLE ACCESS FULL| SOFTWARE_COMPUTER |  2000K|    19M|       |  1185   (3)| 00:00:01 |
|*  6 |    TABLE ACCESS FULL | SOFTWARE          |   584K|  7992K|       | 20766   (1)| 00:00:01 |
--------------------------------------------------------------------------------------------------
 
Predicate Information (identified by operation id):
---------------------------------------------------
 
   2 - access("SC"."SOFTWARE_ID"="S"."SOFTWARE_ID")
   3 - access("CP"."COMPUTER_ID"="SC"."COMPUTER_ID")
   4 - filter("CP"."HDD_MEMORY">10000 AND "CP"."SSD_MEMORY">1000 AND 
              "CP"."HDD_MEMORY"-"CP"."SSD_MEMORY"<15000)
   6 - filter("S"."EXPIRE_DATE"<TO_DATE(' 2020-12-31 00:00:00', 'syyyy-mm-dd hh24:mi:ss'))
 
Note
-----
   - this is an adaptive plan
