Plan hash value: 2302013055
 
------------------------------------------------------------------------------------------------------------------------------
| Id  | Operation                              | Name                        | Rows  | Bytes |TempSpc| Cost (%CPU)| Time     |
------------------------------------------------------------------------------------------------------------------------------
|   0 | SELECT STATEMENT                       |                             |     1 |    36 |       | 26305   (1)| 00:00:02 |
|   1 |  SORT AGGREGATE                        |                             |     1 |    36 |       |            |          |
|*  2 |   HASH JOIN                            |                             |   136K|  4796K|  9864K| 26305   (1)| 00:00:02 |
|*  3 |    HASH JOIN                           |                             |   296K|  6379K|  1736K|  4331   (2)| 00:00:01 |
|   4 |     TABLE ACCESS BY INDEX ROWID BATCHED| COMPUTER                    | 73835 |   865K|       |   954   (1)| 00:00:01 |
|*  5 |      INDEX RANGE SCAN                  | COMPUTER_HDD_SSD_MEMORY_FBT |   962 |       |       |    17   (0)| 00:00:01 |
|   6 |     TABLE ACCESS FULL                  | SOFTWARE_COMPUTER           |  2000K|    19M|       |  1185   (3)| 00:00:01 |
|*  7 |    TABLE ACCESS FULL                   | SOFTWARE                    |   584K|  7992K|       | 20766   (1)| 00:00:01 |
------------------------------------------------------------------------------------------------------------------------------
 
Predicate Information (identified by operation id):
---------------------------------------------------
 
   2 - access("SC"."SOFTWARE_ID"="S"."SOFTWARE_ID")
   3 - access("CP"."COMPUTER_ID"="SC"."COMPUTER_ID")
   5 - access(SYS_OP_DESCEND("HDD_MEMORY"-"SSD_MEMORY")>HEXTORAW('3CFDCCFF') AND "CP"."HDD_MEMORY">10000 AND 
              "CP"."SSD_MEMORY">1000 AND SYS_OP_DESCEND("HDD_MEMORY"-"SSD_MEMORY") IS NOT NULL)
       filter("CP"."HDD_MEMORY">10000 AND "CP"."SSD_MEMORY">1000 AND 
              SYS_OP_UNDESCEND(SYS_OP_DESCEND("HDD_MEMORY"-"SSD_MEMORY"))<15000)
   7 - filter("S"."EXPIRE_DATE"<TO_DATE(' 2020-12-31 00:00:00', 'syyyy-mm-dd hh24:mi:ss'))
 
Note
-----
   - this is an adaptive plan
