Plan hash value: 3815579697
 
---------------------------------------------------------------------------------------------
| Id  | Operation                     | Name        | Rows  | Bytes | Cost (%CPU)| Time     |
---------------------------------------------------------------------------------------------
|   0 | DELETE STATEMENT              |             |     1 |   125 | 39387   (1)| 00:00:02 |
|   1 |  DELETE                       | COMPUTER    |       |       |            |          |
|   2 |   NESTED LOOPS                |             |     1 |   125 | 39387   (1)| 00:00:02 |
|   3 |    NESTED LOOPS               |             |     1 |   125 | 39387   (1)| 00:00:02 |
|   4 |     VIEW                      | VW_NSO_1    |     1 |    13 | 39385   (1)| 00:00:02 |
|   5 |      SORT UNIQUE              |             |     1 |   123 | 39385   (1)| 00:00:02 |
|*  6 |       HASH JOIN SEMI          |             |    40 |  4920 | 39384   (1)| 00:00:02 |
|*  7 |        HASH JOIN SEMI         |             |    40 |  4600 | 36910   (1)| 00:00:02 |
|*  8 |         TABLE ACCESS FULL     | COMPUTER    |    40 |  4280 | 34157   (1)| 00:00:02 |
|*  9 |         TABLE ACCESS FULL     | CPU         | 26825 |   209K|  2752   (1)| 00:00:01 |
|* 10 |        TABLE ACCESS FULL      | GPU         | 75122 |   586K|  2474   (1)| 00:00:01 |
|* 11 |     INDEX UNIQUE SCAN         | SYS_C008860 |     1 |       |     1   (0)| 00:00:01 |
|  12 |    TABLE ACCESS BY INDEX ROWID| COMPUTER    |     1 |   112 |     2   (0)| 00:00:01 |
---------------------------------------------------------------------------------------------
 
Predicate Information (identified by operation id):
---------------------------------------------------
 
   6 - access("CP"."COMPUTER_ID"="G"."COMPUTER_ID")
   7 - access("CP"."COMPUTER_ID"="C"."COMPUTER_ID")
   8 - filter("CP"."MANUFACTURER" LIKE 'ThinkPad%' AND 
              UPPER("CP"."COMPUTER_NAME")<'G')
   9 - filter("C"."MEMORY"=1)
  10 - filter("G"."TGP"<50)
  11 - access("COMPUTER_ID"="COMPUTER_ID")
