Plan hash value: 1165217851
 
----------------------------------------------------------------------------------------------------------
| Id  | Operation                            | Name              | Rows  | Bytes | Cost (%CPU)| Time     |
----------------------------------------------------------------------------------------------------------
|   0 | DELETE STATEMENT                     |                   |     1 |   125 | 10005   (1)| 00:00:01 |
|   1 |  DELETE                              | COMPUTER          |       |       |            |          |
|   2 |   NESTED LOOPS                       |                   |     1 |   125 | 10005   (1)| 00:00:01 |
|   3 |    NESTED LOOPS                      |                   |     1 |   125 | 10005   (1)| 00:00:01 |
|   4 |     VIEW                             | VW_NSO_1          |     1 |    13 | 10003   (1)| 00:00:01 |
|   5 |      SORT UNIQUE                     |                   |     1 |   123 | 10003   (1)| 00:00:01 |
|*  6 |       HASH JOIN SEMI                 |                   |    40 |  4920 | 10002   (1)| 00:00:01 |
|*  7 |        HASH JOIN SEMI                |                   |    40 |  4600 |  7528   (1)| 00:00:01 |
|   8 |         VIEW                         | index$_join$_002  |    40 |  4280 |  4776   (1)| 00:00:01 |
|*  9 |          HASH JOIN                   |                   |       |       |            |          |
|  10 |           BITMAP CONVERSION TO ROWIDS|                   |    40 |  4280 |   242   (0)| 00:00:01 |
|* 11 |            BITMAP INDEX FULL SCAN    | COMPUTER_BM_INDEX |       |       |            |          |
|  12 |           INDEX FAST FULL SCAN       | SYS_C008860       |    40 |  4280 |  1183   (1)| 00:00:01 |
|* 13 |         TABLE ACCESS FULL            | CPU               | 26825 |   209K|  2752   (1)| 00:00:01 |
|* 14 |        TABLE ACCESS FULL             | GPU               | 75122 |   586K|  2474   (1)| 00:00:01 |
|* 15 |     INDEX UNIQUE SCAN                | SYS_C008860       |     1 |       |     1   (0)| 00:00:01 |
|  16 |    TABLE ACCESS BY INDEX ROWID       | COMPUTER          |     1 |   112 |     2   (0)| 00:00:01 |
----------------------------------------------------------------------------------------------------------
 
Predicate Information (identified by operation id):
---------------------------------------------------
 
   6 - access("CP"."COMPUTER_ID"="G"."COMPUTER_ID")
   7 - access("CP"."COMPUTER_ID"="C"."COMPUTER_ID")
   9 - access(ROWID=ROWID)
  11 - filter(UPPER("CP"."COMPUTER_NAME")<'G' AND "CP"."MANUFACTURER" LIKE 'ThinkPad%')
  13 - filter("C"."MEMORY"=1)
  14 - filter("G"."TGP"<50)
  15 - access("COMPUTER_ID"="COMPUTER_ID")
