Plan hash value: 2738967290
 
----------------------------------------------------------------------------------------------------------------
| Id  | Operation                                  | Name              | Rows  | Bytes | Cost (%CPU)| Time     |
----------------------------------------------------------------------------------------------------------------
|   0 | DELETE STATEMENT                           |                   |     1 |   125 |  5352   (1)| 00:00:01 |
|   1 |  DELETE                                    | COMPUTER          |       |       |            |          |
|   2 |   NESTED LOOPS                             |                   |     1 |   125 |  5352   (1)| 00:00:01 |
|   3 |    NESTED LOOPS                            |                   |     1 |   125 |  5352   (1)| 00:00:01 |
|   4 |     VIEW                                   | VW_NSO_1          |     1 |    13 |  5350   (1)| 00:00:01 |
|   5 |      SORT UNIQUE                           |                   |     1 |   123 |  5350   (1)| 00:00:01 |
|*  6 |       HASH JOIN SEMI                       |                   |    40 |  4920 |  5349   (1)| 00:00:01 |
|*  7 |        HASH JOIN SEMI                      |                   |    40 |  4600 |  2874   (1)| 00:00:01 |
|   8 |         TABLE ACCESS BY INDEX ROWID BATCHED| COMPUTER          |    40 |  4280 |   122   (0)| 00:00:01 |
|*  9 |          INDEX SKIP SCAN                   | COMPUTER_BT_INDEX |    40 |       |    81   (0)| 00:00:01 |
|* 10 |         TABLE ACCESS FULL                  | CPU               | 26825 |   209K|  2752   (1)| 00:00:01 |
|* 11 |        TABLE ACCESS FULL                   | GPU               | 75122 |   586K|  2474   (1)| 00:00:01 |
|* 12 |     INDEX UNIQUE SCAN                      | SYS_C008860       |     1 |       |     1   (0)| 00:00:01 |
|  13 |    TABLE ACCESS BY INDEX ROWID             | COMPUTER          |     1 |   112 |     2   (0)| 00:00:01 |
----------------------------------------------------------------------------------------------------------------
 
Predicate Information (identified by operation id):
---------------------------------------------------
 
   6 - access("CP"."COMPUTER_ID"="G"."COMPUTER_ID")
   7 - access("CP"."COMPUTER_ID"="C"."COMPUTER_ID")
   9 - access("CP"."MANUFACTURER" LIKE 'ThinkPad%')
       filter("CP"."MANUFACTURER" LIKE 'ThinkPad%' AND UPPER("CP"."COMPUTER_NAME")<'G')
  10 - filter("C"."MEMORY"=1)
  11 - filter("G"."TGP"<50)
  12 - access("COMPUTER_ID"="COMPUTER_ID")
