Plan hash value: 2415691435
 
-----------------------------------------------------------------------------------------------------------------
| Id  | Operation                                  | Name               | Rows  | Bytes | Cost (%CPU)| Time     |
-----------------------------------------------------------------------------------------------------------------
|   0 | DELETE STATEMENT                           |                    |     1 |   125 |  5257   (1)| 00:00:01 |
|   1 |  DELETE                                    | COMPUTER           |       |       |            |          |
|   2 |   NESTED LOOPS                             |                    |     1 |   125 |  5257   (1)| 00:00:01 |
|   3 |    NESTED LOOPS                            |                    |     1 |   125 |  5257   (1)| 00:00:01 |
|   4 |     VIEW                                   | VW_NSO_1           |     1 |    13 |  5255   (1)| 00:00:01 |
|   5 |      SORT UNIQUE                           |                    |     1 |   175 |  5255   (1)| 00:00:01 |
|*  6 |       HASH JOIN                            |                    |    43 |  7525 |  5254   (1)| 00:00:01 |
|*  7 |        HASH JOIN                           |                    |    41 |  6847 |  2780   (1)| 00:00:01 |
|   8 |         TABLE ACCESS BY INDEX ROWID BATCHED| COMPUTER           |    40 |  6360 |    27   (0)| 00:00:01 |
|   9 |          BITMAP CONVERSION TO ROWIDS       |                    |       |       |            |          |
|* 10 |           BITMAP INDEX RANGE SCAN          | COMPUTER_FBM_INDEX |       |       |            |          |
|* 11 |         TABLE ACCESS FULL                  | CPU                | 26825 |   209K|  2752   (1)| 00:00:01 |
|* 12 |        TABLE ACCESS FULL                   | GPU                | 75122 |   586K|  2474   (1)| 00:00:01 |
|* 13 |     INDEX UNIQUE SCAN                      | SYS_C008860        |     1 |       |     1   (0)| 00:00:01 |
|  14 |    TABLE ACCESS BY INDEX ROWID             | COMPUTER           |     1 |   112 |     2   (0)| 00:00:01 |
-----------------------------------------------------------------------------------------------------------------
 
Predicate Information (identified by operation id):
---------------------------------------------------
 
   6 - access("CP"."COMPUTER_ID"="G"."COMPUTER_ID")
   7 - access("CP"."COMPUTER_ID"="C"."COMPUTER_ID")
  10 - access(UPPER("COMPUTER_NAME")<'G' AND "CP"."MANUFACTURER" LIKE 'ThinkPad%')
       filter(UPPER("COMPUTER_NAME")<'G' AND "CP"."MANUFACTURER" LIKE 'ThinkPad%')
  11 - filter("C"."MEMORY"=1)
  12 - filter("G"."TGP"<50)
  13 - access("COMPUTER_ID"="COMPUTER_ID")
