Plan hash value: 2349491782
 
----------------------------------------------------------------------------------------------------
| Id  | Operation               | Name     | Rows  | Bytes | Cost (%CPU)| Time     | Pstart| Pstop |
----------------------------------------------------------------------------------------------------
|   0 | SELECT STATEMENT        |          |     1 |       | 37902   (1)| 00:00:02 |       |       |
|   1 |  SORT AGGREGATE         |          |     1 |       |            |          |       |       |
|   2 |   VIEW                  |          |  1814 |       | 37902   (1)| 00:00:02 |       |       |
|   3 |    HASH GROUP BY        |          |  1814 |   182K| 37902   (1)| 00:00:02 |       |       |
|*  4 |     HASH JOIN           |          |  1814 |   182K| 37901   (1)| 00:00:02 |       |       |
|*  5 |      HASH JOIN          |          |  3947 |   246K| 34336   (1)| 00:00:02 |       |       |
|*  6 |       HASH JOIN         |          |   399 | 21546 |   176   (1)| 00:00:01 |       |       |
|*  7 |        TABLE ACCESS FULL| BUILDING |    20 |   840 |     5   (0)| 00:00:01 |       |       |
|*  8 |        TABLE ACCESS FULL| ROOM     | 10125 |   118K|   171   (1)| 00:00:01 |       |       |
|   9 |       TABLE ACCESS FULL | COMPUTER |   499K|  4882K| 34157   (1)| 00:00:02 |       |       |
|  10 |      PARTITION HASH ALL |          |   229K|  8749K|  3564   (1)| 00:00:01 |     1 |     8 |
|* 11 |       TABLE ACCESS FULL | CPU_PH   |   229K|  8749K|  3564   (1)| 00:00:01 |     1 |     8 |
----------------------------------------------------------------------------------------------------
 
Predicate Information (identified by operation id):
---------------------------------------------------
 
   4 - access("CP"."COMPUTER_ID"="C"."COMPUTER_ID")
   5 - access("R"."ROOM_ID"="CP"."ROOM_ID")
   6 - access("R"."BUILDING_ID"="B"."BUILDING_ID")
   7 - filter(LOWER("B"."COUNTRY")='costa rica' OR LOWER("B"."COUNTRY")='luxembourg' OR 
              LOWER("B"."COUNTRY")='rileyshire' OR LOWER("B"."COUNTRY")='australia')
   8 - filter("R"."FLOOR"=3)
  11 - filter("C"."MIN_CLOCK_SPEED">2.5 AND "C"."MAX_CLOCK_SPEED">3.5)
 
Note
-----
   - dynamic statistics used: dynamic sampling (level=2)
