SCRIPT NAME: 1_select.sql
EXECUTION TIME: 1.412343
QUERY PLAN:
Plan hash value: 1849097416
 
-------------------------------------------------------------------------------------------
| Id  | Operation              | Name     | Rows  | Bytes |TempSpc| Cost (%CPU)| Time     |
-------------------------------------------------------------------------------------------
|   0 | SELECT STATEMENT       |          |     1 |       |       | 39798   (1)| 00:00:02 |
|   1 |  SORT AGGREGATE        |          |     1 |       |       |            |          |
|   2 |   VIEW                 |          | 48278 |       |       | 39798   (1)| 00:00:02 |
|   3 |    HASH GROUP BY       |          | 48278 |  3535K|  3992K| 39798   (1)| 00:00:02 |
|*  4 |     HASH JOIN          |          | 48278 |  3535K|       | 38944   (1)| 00:00:02 |
|   5 |      TABLE ACCESS FULL | ROOM     | 50000 |   439K|       |   171   (1)| 00:00:01 |
|*  6 |      HASH JOIN         |          |   500K|    31M|    10M| 38769   (1)| 00:00:02 |
|   7 |       TABLE ACCESS FULL| COMPUTER |   500K|  4882K|       | 34157   (1)| 00:00:02 |
|   8 |       TABLE ACCESS FULL| GPU      |   500K|    26M|       |  2473   (1)| 00:00:01 |
-------------------------------------------------------------------------------------------
 
Predicate Information (identified by operation id):
---------------------------------------------------
 
   4 - access("R"."ROOM_ID"="CP"."ROOM_ID")
       filter("R"."BUILDING_ID"=250 AND "G"."GPU_NAME" LIKE '%RTX%' OR 
              "G"."GPU_NAME" LIKE '%GTX%' OR "G"."GPU_NAME" LIKE '%R%')
   6 - access("CP"."COMPUTER_ID"="G"."COMPUTER_ID")

######################################################################################################################################################

SCRIPT NAME: 2_select.sql
EXECUTION TIME: 3.024873
QUERY PLAN:
Plan hash value: 3132378015
 
----------------------------------------------------------------------------------
| Id  | Operation            | Name      | Rows  | Bytes | Cost (%CPU)| Time     |
----------------------------------------------------------------------------------
|   0 | SELECT STATEMENT     |           |     1 |    10 | 47776   (1)| 00:00:02 |
|   1 |  SORT AGGREGATE      |           |     1 |    10 |            |          |
|*  2 |   FILTER             |           |       |       |            |          |
|*  3 |    TABLE ACCESS FULL | COMPUTER  |    10 |   100 | 34158   (1)| 00:00:02 |
|   4 |    SORT AGGREGATE    |           |     1 |     5 |            |          |
|*  5 |     TABLE ACCESS FULL| CPU       |     2 |    10 |  2753   (1)| 00:00:01 |
|   6 |    SORT AGGREGATE    |           |     1 |     5 |            |          |
|*  7 |     TABLE ACCESS FULL| GPU       |     2 |    10 |  2474   (1)| 00:00:01 |
|   8 |    SORT AGGREGATE    |           |     1 |     5 |            |          |
|*  9 |     TABLE ACCESS FULL| RAM_STICK |     2 |    10 |  1009   (2)| 00:00:01 |
----------------------------------------------------------------------------------
 
Predicate Information (identified by operation id):
---------------------------------------------------
 
   2 - filter( (SELECT COUNT(*) FROM "CPU" "CPU" WHERE 
              "COMPUTER_ID"=:B1)>1 OR  (SELECT COUNT(*) FROM "GPU" "GPU" WHERE 
              "COMPUTER_ID"=:B2)>1 OR  (SELECT COUNT(*) FROM "RAM_STICK" "RAM_STICK" 
              WHERE "COMPUTER_ID"=:B3)>2)
   3 - filter("CP"."ROOM_ID"=2211)
   5 - filter("COMPUTER_ID"=:B1)
   7 - filter("COMPUTER_ID"=:B1)
   9 - filter("COMPUTER_ID"=:B1)

######################################################################################################################################################

SCRIPT NAME: 3_select.sql
EXECUTION TIME: 14.698604
QUERY PLAN:
Plan hash value: 1873469579
 
---------------------------------------------------------------------------------
| Id  | Operation            | Name     | Rows  | Bytes | Cost (%CPU)| Time     |
---------------------------------------------------------------------------------
|   0 | SELECT STATEMENT     |          |     1 |    12 |   344K  (1)| 00:00:14 |
|   1 |  SORT AGGREGATE      |          |     1 |    12 |            |          |
|*  2 |   FILTER             |          |       |       |            |          |
|*  3 |    TABLE ACCESS FULL | ROOM     |    20 |   240 |   171   (1)| 00:00:01 |
|   4 |    SORT AGGREGATE    |          |     1 |     5 |            |          |
|*  5 |     TABLE ACCESS FULL| COMPUTER |    10 |    50 | 34158   (1)| 00:00:02 |
---------------------------------------------------------------------------------
 
Predicate Information (identified by operation id):
---------------------------------------------------
 
   2 - filter( (SELECT COUNT(*) FROM "COMPUTER" "COMPUTER" WHERE 
              "ROOM_ID"=:B1)>2)
   3 - filter("R"."BUILDING_ID"=100 AND "R"."FLOOR"=1)
   5 - filter("ROOM_ID"=:B1)

######################################################################################################################################################

SCRIPT NAME: 4_insert.sql
EXECUTION TIME: 5.176898
QUERY PLAN:
Plan hash value: 266978147
 
----------------------------------------------------------------------------------------
| Id  | Operation                | Name        | Rows  | Bytes | Cost (%CPU)| Time     |
----------------------------------------------------------------------------------------
|   0 | INSERT STATEMENT         |             |   600K|    74M| 21913   (1)| 00:00:01 |
|   1 |  LOAD TABLE CONVENTIONAL | SOFTWARE    |       |       |            |          |
|   2 |   SORT AGGREGATE         |             |     1 |       |            |          |
|   3 |    INDEX FAST FULL SCAN  | SYS_C008882 |  2000K|       |  1067   (2)| 00:00:01 |
|*  4 |   TABLE ACCESS FULL      | SOFTWARE    |   600K|    74M| 20846   (1)| 00:00:01 |
----------------------------------------------------------------------------------------
 
Predicate Information (identified by operation id):
---------------------------------------------------
 
   4 - filter("PUBLISHER"='Adobe' OR "PUBLISHER"='IBM' OR 
              "PUBLISHER"='Microsoft')

######################################################################################################################################################

SCRIPT NAME: 5_update.sql
EXECUTION TIME: 3.362649
QUERY PLAN:
Plan hash value: 1548755972
 
---------------------------------------------------------------------------------------------------
| Id  | Operation                     | Name              | Rows  | Bytes | Cost (%CPU)| Time     |
---------------------------------------------------------------------------------------------------
|   0 | UPDATE STATEMENT              |                   |  8924 |   679K| 74251   (1)| 00:00:03 |
|   1 |  UPDATE                       | SOFTWARE          |       |       |            |          |
|   2 |   NESTED LOOPS                |                   |  8924 |   679K| 74251   (1)| 00:00:03 |
|   3 |    NESTED LOOPS               |                   |  8924 |   679K| 74251   (1)| 00:00:03 |
|   4 |     VIEW                      | VW_NSO_1          |  8924 |   113K| 56392   (1)| 00:00:03 |
|   5 |      SORT UNIQUE              |                   |  8924 |   888K|            |          |
|*  6 |       HASH JOIN SEMI          |                   |  8924 |   888K| 56392   (1)| 00:00:03 |
|*  7 |        HASH JOIN              |                   | 15830 |   571K| 35532   (1)| 00:00:02 |
|*  8 |         HASH JOIN             |                   |  3958 |   104K| 34334   (1)| 00:00:02 |
|*  9 |          HASH JOIN            |                   |   400 |  6800 |   174   (1)| 00:00:01 |
|* 10 |           TABLE ACCESS FULL   | ACCOUNT_BUILDING  |     4 |    32 |     3   (0)| 00:00:01 |
|  11 |           TABLE ACCESS FULL   | ROOM              | 50000 |   439K|   171   (1)| 00:00:01 |
|  12 |          TABLE ACCESS FULL    | COMPUTER          |   500K|  4882K| 34157   (1)| 00:00:02 |
|  13 |         TABLE ACCESS FULL     | SOFTWARE_COMPUTER |  2000K|    19M|  1185   (3)| 00:00:01 |
|* 14 |        TABLE ACCESS FULL      | SOFTWARE          |   717K|    44M| 20855   (1)| 00:00:01 |
|* 15 |     INDEX UNIQUE SCAN         | SYS_C008882       |     1 |       |     1   (0)| 00:00:01 |
|  16 |    TABLE ACCESS BY INDEX ROWID| SOFTWARE          |     1 |    65 |     2   (0)| 00:00:01 |
---------------------------------------------------------------------------------------------------
 
Predicate Information (identified by operation id):
---------------------------------------------------
 
   6 - access("S"."SOFTWARE_ID"="SC"."SOFTWARE_ID")
   7 - access("SC"."COMPUTER_ID"="CP"."COMPUTER_ID")
   8 - access("CP"."ROOM_ID"="R"."ROOM_ID")
   9 - access("R"."BUILDING_ID"="AB"."BUILDING_ID")
  10 - filter("AB"."ACCOUNT_ID"=4)
  14 - filter("S"."EXPIRE_DATE"<=TO_DATE(' 2022-12-31 00:00:00', 'syyyy-mm-dd hh24:mi:ss') 
              AND ("S"."PUBLISHER"='Adobe' OR "S"."PUBLISHER"='Google' OR "S"."PUBLISHER"='IBM' OR 
              "S"."PUBLISHER"='JetBrains' OR "S"."PUBLISHER"='Microsoft' OR "S"."PUBLISHER"='Mozilla' OR 
              "S"."PUBLISHER"='Yahoo'))
  15 - access("SOFTWARE_ID"="SOFTWARE_ID")

######################################################################################################################################################

SCRIPT NAME: 6_delete.sql
EXECUTION TIME: 7.042094
QUERY PLAN:
Plan hash value: 2445708771
 
-----------------------------------------------------------------------------------------------------
| Id  | Operation                             | Name        | Rows  | Bytes | Cost (%CPU)| Time     |
-----------------------------------------------------------------------------------------------------
|   0 | DELETE STATEMENT                      |             |     2 |    46 | 60788   (1)| 00:00:03 |
|   1 |  DELETE                               | COMPUTER    |       |       |            |          |
|   2 |   NESTED LOOPS                        |             |     2 |    46 | 60788   (1)| 00:00:03 |
|   3 |    NESTED LOOPS                       |             |     2 |    46 | 60788   (1)| 00:00:03 |
|   4 |     VIEW                              | VW_NSO_1    |     2 |    26 | 60783   (1)| 00:00:03 |
|   5 |      SORT UNIQUE                      |             |     2 |    92 |            |          |
|*  6 |       HASH JOIN SEMI                  |             |     2 |    92 | 23697   (1)| 00:00:01 |
|*  7 |        HASH JOIN RIGHT SEMI           |             |     4 |   164 | 21221   (1)| 00:00:01 |
|*  8 |         TABLE ACCESS FULL             | ROOM        |   100 |  1200 |   171   (1)| 00:00:01 |
|   9 |         NESTED LOOPS                  |             |  9144 |   258K| 21050   (1)| 00:00:01 |
|  10 |          NESTED LOOPS                 |             |  9144 |   258K| 21050   (1)| 00:00:01 |
|  11 |           NESTED LOOPS                |             |  9144 |   169K|  2752   (1)| 00:00:01 |
|  12 |            TABLE ACCESS BY INDEX ROWID| BUILDING    |     1 |     7 |     1   (0)| 00:00:01 |
|* 13 |             INDEX UNIQUE SCAN         | SYS_C008850 |     1 |       |     0   (0)| 00:00:01 |
|* 14 |            TABLE ACCESS FULL          | CPU         |  9144 |   107K|  2751   (1)| 00:00:01 |
|  15 |             SORT AGGREGATE            |             |     1 |    28 |            |          |
|* 16 |              HASH JOIN                |             |   989 | 27692 | 37086   (1)| 00:00:02 |
|* 17 |               HASH JOIN               |             |   989 | 18791 | 34331   (1)| 00:00:02 |
|* 18 |                TABLE ACCESS FULL      | ROOM        |   100 |   900 |   171   (1)| 00:00:01 |
|  19 |                TABLE ACCESS FULL      | COMPUTER    |   500K|  4882K| 34157   (1)| 00:00:02 |
|  20 |               TABLE ACCESS FULL       | CPU         |   500K|  4394K|  2751   (1)| 00:00:01 |
|* 21 |           INDEX UNIQUE SCAN           | SYS_C008860 |     1 |       |     1   (0)| 00:00:01 |
|  22 |          TABLE ACCESS BY INDEX ROWID  | COMPUTER    |     1 |    10 |     2   (0)| 00:00:01 |
|  23 |        TABLE ACCESS FULL              | GPU         |   500K|  2441K|  2473   (1)| 00:00:01 |
|* 24 |     INDEX UNIQUE SCAN                 | SYS_C008860 |     1 |       |     1   (0)| 00:00:01 |
|  25 |    TABLE ACCESS BY INDEX ROWID        | COMPUTER    |     1 |    10 |     2   (0)| 00:00:01 |
-----------------------------------------------------------------------------------------------------
 
Predicate Information (identified by operation id):
---------------------------------------------------
 
   6 - access("CP"."COMPUTER_ID"="G"."COMPUTER_ID")
   7 - access("R"."FLOOR"="B"."FLOORS_NUMBER"-1 AND "CP"."ROOM_ID"="R"."ROOM_ID")
   8 - filter("R"."BUILDING_ID"=1)
  13 - access("B"."BUILDING_ID"=1)
  14 - filter("C"."CORES_NUMBER"<=2 AND "C"."MIN_CLOCK_SPEED"< (SELECT 
              SUM("IC"."MIN_CLOCK_SPEED")/COUNT("IC"."MIN_CLOCK_SPEED") FROM "ROOM" "IR","COMPUTER" 
              "ICP","CPU" "IC" WHERE "IC"."COMPUTER_ID"="ICP"."COMPUTER_ID" AND 
              "IR"."ROOM_ID"="ICP"."ROOM_ID" AND "IR"."BUILDING_ID"=1))
  16 - access("IC"."COMPUTER_ID"="ICP"."COMPUTER_ID")
  17 - access("IR"."ROOM_ID"="ICP"."ROOM_ID")
  18 - filter("IR"."BUILDING_ID"=1)
  21 - access("CP"."COMPUTER_ID"="C"."COMPUTER_ID")
  24 - access("COMPUTER_ID"="COMPUTER_ID")

######################################################################################################################################################

