Plan hash value: 2019134227
 
-----------------------------------------------------------------------------------------------
| Id  | Operation                 | Name      | Rows  | Bytes |TempSpc| Cost (%CPU)| Time     |
-----------------------------------------------------------------------------------------------
|   0 | SELECT STATEMENT          |           |     1 |       |       | 55547   (1)| 00:00:03 |
|   1 |  SORT AGGREGATE           |           |     1 |       |       |            |          |
|   2 |   VIEW                    |           |   324K|       |       | 55547   (1)| 00:00:03 |
|   3 |    HASH GROUP BY          |           |   324K|    38M|    86M| 55547   (1)| 00:00:03 |
|*  4 |     HASH JOIN             |           |   662K|    79M|       | 43028   (1)| 00:00:02 |
|   5 |      TABLE ACCESS FULL    | BUILDING  |   500 | 21000 |       |     5   (0)| 00:00:01 |
|*  6 |      HASH JOIN            |           |  1010K|    80M|    31M| 43016   (1)| 00:00:02 |
|*  7 |       HASH JOIN           |           |  1000K|    20M|    11M| 36911   (1)| 00:00:02 |
|   8 |        VIEW               | VW_GBF_58 |   494K|  5797K|       | 34331   (1)| 00:00:02 |
|*  9 |         HASH JOIN         |           |   494K|  9178K|       | 34331   (1)| 00:00:02 |
|  10 |          TABLE ACCESS FULL| ROOM      | 50000 |   439K|       |   171   (1)| 00:00:01 |
|  11 |          TABLE ACCESS FULL| COMPUTER  |   500K|  4882K|       | 34157   (1)| 00:00:02 |
|  12 |        TABLE ACCESS FULL  | RAM_STICK |  1000K|  8789K|       |  1006   (2)| 00:00:01 |
|  13 |       TABLE ACCESS FULL   | CPU       |   500K|    30M|       |  2751   (1)| 00:00:01 |
-----------------------------------------------------------------------------------------------
 
Predicate Information (identified by operation id):
---------------------------------------------------
 
   4 - access("ITEM_1"="B"."BUILDING_ID")
       filter(("B"."COUNTRY"='Andorra' OR "B"."COUNTRY"='Kiribati') AND 
              "C"."MIN_CLOCK_SPEED">3.0 AND ("C"."MEMORY">2 OR ("RS"."CLOCK_SPEED"=1000 OR 
              "RS"."CLOCK_SPEED"=1333 OR "RS"."CLOCK_SPEED"=1600 OR "RS"."CLOCK_SPEED"=2400)) OR 
              "C"."MANUFACTURER"='Intel')
   6 - access("ITEM_2"="C"."COMPUTER_ID")
   7 - access("ITEM_2"="RS"."COMPUTER_ID")
   9 - access("CP"."ROOM_ID"="R"."ROOM_ID")
