Plan hash value: 1557324996
 
---------------------------------------------------------------------------------------------------
| Id  | Operation                     | Name              | Rows  | Bytes | Cost (%CPU)| Time     |
---------------------------------------------------------------------------------------------------
|   0 | SELECT STATEMENT              |                   |     1 |    87 | 53343   (1)| 00:00:03 |
|   1 |  SORT AGGREGATE               |                   |     1 |    87 |            |          |
|   2 |   NESTED LOOPS                |                   |  1989 |   168K| 53343   (1)| 00:00:03 |
|   3 |    NESTED LOOPS               |                   | 15659 |   168K| 53343   (1)| 00:00:03 |
|*  4 |     HASH JOIN                 |                   | 15659 |  1146K| 22007   (1)| 00:00:01 |
|*  5 |      TABLE ACCESS FULL        | SOFTWARE          |  9962 |   632K| 20809   (1)| 00:00:01 |
|   6 |      TABLE ACCESS FULL        | SOFTWARE_COMPUTER |  2000K|    19M|  1185   (3)| 00:00:01 |
|*  7 |     INDEX UNIQUE SCAN         | SYS_C008860       |     1 |       |     1   (0)| 00:00:01 |
|*  8 |    TABLE ACCESS BY INDEX ROWID| COMPUTER          |     1 |    12 |     2   (0)| 00:00:01 |
---------------------------------------------------------------------------------------------------
 
Predicate Information (identified by operation id):
---------------------------------------------------
 
   4 - access("SC"."SOFTWARE_ID"="S"."SOFTWARE_ID")
   5 - filter("S"."PUBLISHER"='Google' AND TRUNC(INTERNAL_FUNCTION("S"."EXPIRE_DATE"),'fmye
              ar')>TO_DATE('2023','YYYY'))
   7 - access("CP"."COMPUTER_ID"="SC"."COMPUTER_ID")
   8 - filter("CP"."SSD_MEMORY">"CP"."HDD_MEMORY")
