Plan hash value: 3622517162
 
---------------------------------------------------------------------------------------------------
| Id  | Operation                     | Name              | Rows  | Bytes | Cost (%CPU)| Time     |
---------------------------------------------------------------------------------------------------
|   0 | SELECT STATEMENT              |                   |     1 |    87 | 41829   (1)| 00:00:02 |
|   1 |  SORT AGGREGATE               |                   |     1 |    87 |            |          |
|   2 |   NESTED LOOPS                |                   |  1989 |   168K| 41829   (1)| 00:00:02 |
|   3 |    NESTED LOOPS               |                   | 15659 |   168K| 41829   (1)| 00:00:02 |
|*  4 |     HASH JOIN                 |                   | 15659 |  1146K| 10494   (1)| 00:00:01 |
|*  5 |      VIEW                     | index$_join$_005  |  9962 |   632K|  9296   (1)| 00:00:01 |
|*  6 |       HASH JOIN               |                   |       |       |            |          |
|*  7 |        INDEX RANGE SCAN       | SOFTWARE_BT_INDEX |  9962 |   632K|  1962   (1)| 00:00:01 |
|   8 |        INDEX FAST FULL SCAN   | SYS_C008882       |  9962 |   632K|  4869   (1)| 00:00:01 |
|   9 |      TABLE ACCESS FULL        | SOFTWARE_COMPUTER |  2000K|    19M|  1185   (3)| 00:00:01 |
|* 10 |     INDEX UNIQUE SCAN         | SYS_C008860       |     1 |       |     1   (0)| 00:00:01 |
|* 11 |    TABLE ACCESS BY INDEX ROWID| COMPUTER          |     1 |    12 |     2   (0)| 00:00:01 |
---------------------------------------------------------------------------------------------------
 
Predicate Information (identified by operation id):
---------------------------------------------------
 
   4 - access("SC"."SOFTWARE_ID"="S"."SOFTWARE_ID")
   5 - filter("S"."PUBLISHER"='Google')
   6 - access(ROWID=ROWID)
   7 - access("S"."PUBLISHER"='Google')
       filter(TRUNC(INTERNAL_FUNCTION("S"."EXPIRE_DATE"),'fmyear')>TO_DATE('2023','YYYY'))
  10 - access("CP"."COMPUTER_ID"="SC"."COMPUTER_ID")
  11 - filter("CP"."SSD_MEMORY">"CP"."HDD_MEMORY")
