Plan hash value: 1554086171
 
--------------------------------------------------------------------------------------------------------------
| Id  | Operation                               | Name               | Rows  | Bytes | Cost (%CPU)| Time     |
--------------------------------------------------------------------------------------------------------------
|   0 | SELECT STATEMENT                        |                    |     1 |    88 | 33939   (1)| 00:00:02 |
|   1 |  SORT AGGREGATE                         |                    |     1 |    88 |            |          |
|   2 |   NESTED LOOPS                          |                    |  1989 |   170K| 33939   (1)| 00:00:02 |
|   3 |    NESTED LOOPS                         |                    | 15659 |   170K| 33939   (1)| 00:00:02 |
|*  4 |     HASH JOIN                           |                    | 15659 |  1162K|  2604   (2)| 00:00:01 |
|   5 |      TABLE ACCESS BY INDEX ROWID BATCHED| SOFTWARE           |  9962 |   642K|  1406   (1)| 00:00:01 |
|*  6 |       INDEX RANGE SCAN                  | SOFTWARE_FBT_INDEX |  1793 |       |    21   (0)| 00:00:01 |
|   7 |      TABLE ACCESS FULL                  | SOFTWARE_COMPUTER  |  2000K|    19M|  1185   (3)| 00:00:01 |
|*  8 |     INDEX UNIQUE SCAN                   | SYS_C008860        |     1 |       |     1   (0)| 00:00:01 |
|*  9 |    TABLE ACCESS BY INDEX ROWID          | COMPUTER           |     1 |    12 |     2   (0)| 00:00:01 |
--------------------------------------------------------------------------------------------------------------
 
Predicate Information (identified by operation id):
---------------------------------------------------
 
   4 - access("SC"."SOFTWARE_ID"="S"."SOFTWARE_ID")
   6 - access("S"."PUBLISHER"='Google' AND TRUNC(INTERNAL_FUNCTION("EXPIRE_DATE"),'fmyear')>TO_DATE('2
              023','YYYY') AND TRUNC(INTERNAL_FUNCTION("EXPIRE_DATE"),'fmyear') IS NOT NULL)
   8 - access("CP"."COMPUTER_ID"="SC"."COMPUTER_ID")
   9 - filter("CP"."SSD_MEMORY">"CP"."HDD_MEMORY")
