Plan hash value: 738762320
 
-----------------------------------------------------------------------------------------------
| Id  | Operation                       | Name        | Rows  | Bytes | Cost (%CPU)| Time     |
-----------------------------------------------------------------------------------------------
|   0 | SELECT STATEMENT                |             |     1 |    72 | 86922   (1)| 00:00:04 |
|   1 |  SORT AGGREGATE                 |             |     1 |    72 |            |          |
|   2 |   MERGE JOIN CARTESIAN          |             |  3761 |   264K| 18613   (1)| 00:00:01 |
|*  3 |    HASH JOIN                    |             |  1254 | 42636 | 14155   (1)| 00:00:01 |
|   4 |     NESTED LOOPS                |             |  1254 | 31350 | 13984   (1)| 00:00:01 |
|   5 |      NESTED LOOPS               |             |  5614 | 31350 | 13984   (1)| 00:00:01 |
|*  6 |       TABLE ACCESS FULL         | CPU         |  5614 | 44912 |  2749   (1)| 00:00:01 |
|*  7 |       INDEX UNIQUE SCAN         | SYS_C008860 |     1 |       |     1   (0)| 00:00:01 |
|*  8 |      TABLE ACCESS BY INDEX ROWID| COMPUTER    |     1 |    17 |     2   (0)| 00:00:01 |
|   9 |       SORT AGGREGATE            |             |     1 |     4 |            |          |
|  10 |        TABLE ACCESS FULL        | COMPUTER    |   500K|  1953K| 34155   (1)| 00:00:02 |
|  11 |       SORT AGGREGATE            |             |     1 |     3 |            |          |
|  12 |        TABLE ACCESS FULL        | COMPUTER    |   500K|  1464K| 34155   (1)| 00:00:02 |
|  13 |     TABLE ACCESS FULL           | ROOM        | 50000 |   439K|   171   (1)| 00:00:01 |
|  14 |    BUFFER SORT                  |             |     3 |   114 | 18442   (1)| 00:00:01 |
|* 15 |     TABLE ACCESS FULL           | BUILDING    |     3 |   114 |     4   (0)| 00:00:01 |
-----------------------------------------------------------------------------------------------
 
Predicate Information (identified by operation id):
---------------------------------------------------
 
   3 - access("CP"."ROOM_ID"="R"."ROOM_ID")
   6 - filter("C"."CORES_NUMBER">8)
   7 - access("CP"."COMPUTER_ID"="C"."COMPUTER_ID")
   8 - filter("CP"."HDD_MEMORY"< (SELECT MAX("SSD_MEMORY") FROM "COMPUTER" "COMPUTER") 
              AND "CP"."SSD_MEMORY"> (SELECT MIN("HDD_MEMORY") FROM "COMPUTER" "COMPUTER"))
  15 - filter("B"."COUNTRY"='Andorra' OR "B"."COUNTRY"='Kiribati')
