Plan hash value: 2894835479
 
-------------------------------------------------------------------------------------------------------
| Id  | Operation                 | Name              | Rows  | Bytes |TempSpc| Cost (%CPU)| Time     |
-------------------------------------------------------------------------------------------------------
|   0 | UPDATE STATEMENT          |                   | 46680 |  3555K|       | 86660   (1)| 00:00:04 |
|   1 |  UPDATE                   | SOFTWARE          |       |       |       |            |          |
|*  2 |   HASH JOIN RIGHT SEMI    |                   | 46680 |  3555K|  1144K| 86660   (1)| 00:00:04 |
|   3 |    VIEW                   | VW_NSO_1          | 46680 |   592K|       | 58535   (1)| 00:00:03 |
|*  4 |     HASH JOIN SEMI        |                   | 46680 |  3874K|  3872K| 58530   (1)| 00:00:03 |
|*  5 |      HASH JOIN            |                   | 98939 |  2705K|       | 35529   (1)| 00:00:02 |
|*  6 |       HASH JOIN           |                   | 24735 |   434K|       | 34331   (1)| 00:00:02 |
|*  7 |        TABLE ACCESS FULL  | ROOM              |  2500 | 20000 |       |   171   (1)| 00:00:01 |
|   8 |         SORT AGGREGATE    |                   |     1 |     3 |       |            |          |
|   9 |          TABLE ACCESS FULL| BUILDING          |   500 |  1500 |       |     5   (0)| 00:00:01 |
|  10 |        TABLE ACCESS FULL  | COMPUTER          |   500K|  4882K|       | 34157   (1)| 00:00:02 |
|  11 |       TABLE ACCESS FULL   | SOFTWARE_COMPUTER |  2000K|    19M|       |  1185   (3)| 00:00:01 |
|* 12 |      TABLE ACCESS FULL    | SOFTWARE          |   600K|    32M|       | 20844   (1)| 00:00:01 |
|  13 |    TABLE ACCESS FULL      | SOFTWARE          |  2000K|   123M|       | 20760   (1)| 00:00:01 |
-------------------------------------------------------------------------------------------------------
 
Predicate Information (identified by operation id):
---------------------------------------------------
 
   2 - access("SOFTWARE_ID"="SOFTWARE_ID")
   4 - access("S"."SOFTWARE_ID"="SC"."SOFTWARE_ID")
   5 - access("SC"."COMPUTER_ID"="CP"."COMPUTER_ID")
   6 - access("CP"."ROOM_ID"="R"."ROOM_ID")
   7 - filter("R"."FLOOR"< (SELECT SUM("FLOORS_NUMBER")/COUNT("FLOORS_NUMBER")/2 FROM 
              "BUILDING" "BUILDING"))
  12 - filter("S"."PUBLISHER"='Adobe' OR "S"."PUBLISHER"='IBM' OR "S"."PUBLISHER"='Microsoft')
