Plan hash value: 193204226
 
---------------------------------------------------------------------------------------------
| Id  | Operation                     | Name        | Rows  | Bytes | Cost (%CPU)| Time     |
---------------------------------------------------------------------------------------------
|   0 | DELETE STATEMENT              |             |   247 |  5681 | 39777   (1)| 00:00:02 |
|   1 |  DELETE                       | COMPUTER    |       |       |            |          |
|   2 |   NESTED LOOPS                |             |   247 |  5681 | 39777   (1)| 00:00:02 |
|   3 |    NESTED LOOPS               |             |   247 |  5681 | 39777   (1)| 00:00:02 |
|   4 |     VIEW                      | VW_NSO_1    |   247 |  3211 | 39282   (1)| 00:00:02 |
|   5 |      SORT UNIQUE              |             |   247 | 17043 |            |          |
|*  6 |       HASH JOIN               |             |   247 | 17043 | 36810   (1)| 00:00:02 |
|*  7 |        HASH JOIN              |             |  4947 |   294K| 34336   (1)| 00:00:02 |
|*  8 |         HASH JOIN             |             |   500 | 25500 |   176   (1)| 00:00:01 |
|*  9 |          TABLE ACCESS FULL    | BUILDING    |     5 |   210 |     5   (0)| 00:00:01 |
|  10 |          TABLE ACCESS FULL    | ROOM        | 50000 |   439K|   171   (1)| 00:00:01 |
|  11 |         TABLE ACCESS FULL     | COMPUTER    |   500K|  4882K| 34157   (1)| 00:00:02 |
|* 12 |        TABLE ACCESS FULL      | GPU         | 25000 |   195K|  2473   (1)| 00:00:01 |
|  13 |         SORT AGGREGATE        |             |     1 |     3 |            |          |
|  14 |          TABLE ACCESS FULL    | GPU         |   500K|  1464K|  2472   (1)| 00:00:01 |
|* 15 |     INDEX UNIQUE SCAN         | SYS_C008860 |     1 |       |     1   (0)| 00:00:01 |
|  16 |    TABLE ACCESS BY INDEX ROWID| COMPUTER    |     1 |    10 |     2   (0)| 00:00:01 |
---------------------------------------------------------------------------------------------
 
Predicate Information (identified by operation id):
---------------------------------------------------
 
   6 - access("CP"."COMPUTER_ID"="G"."COMPUTER_ID")
   7 - access("CP"."ROOM_ID"="R"."ROOM_ID")
   8 - access("R"."BUILDING_ID"="B"."BUILDING_ID")
   9 - filter(LOWER("B"."COUNTRY")='costa rica')
  12 - filter("G"."MEMORY"> (SELECT MAX("TGP")/4 FROM "GPU" "GPU"))
  15 - access("COMPUTER_ID"="COMPUTER_ID")
