Plan hash value: 2669324254
 
-----------------------------------------------------------------------------------------------------------------
| Id  | Operation                                  | Name               | Rows  | Bytes | Cost (%CPU)| Time     |
-----------------------------------------------------------------------------------------------------------------
|   0 | INSERT STATEMENT                           |                    |   122K|  5601K| 38774   (1)| 00:00:02 |
|   1 |  LOAD TABLE CONVENTIONAL                   | WORKPLACE          |       |       |            |          |
|*  2 |   HASH JOIN                                |                    |   122K|  5601K| 38774   (1)| 00:00:02 |
|   3 |    TABLE ACCESS FULL                       | ACCOUNT_BUILDING   |  1000 |  8000 |     3   (0)| 00:00:01 |
|   4 |    VIEW                                    | VW_JF_SET$FD924913 | 61020 |  2324K| 38771   (1)| 00:00:02 |
|   5 |     UNION-ALL                              |                    |       |       |            |          |
|*  6 |      HASH JOIN                             |                    | 60855 |  2555K| 38098   (1)| 00:00:02 |
|   7 |       TABLE ACCESS FULL                    | ROOM               | 50000 |   439K|   171   (1)| 00:00:01 |
|*  8 |       HASH JOIN                            |                    | 60855 |  2020K| 37926   (1)| 00:00:02 |
|*  9 |        HASH JOIN                           |                    | 26827 |   550K| 36910   (1)| 00:00:02 |
|* 10 |         TABLE ACCESS FULL                  | CPU                | 26828 |   209K|  2752   (1)| 00:00:01 |
|* 11 |         TABLE ACCESS FULL                  | COMPUTER           | 39399 |   500K| 34157   (1)| 00:00:02 |
|* 12 |        TABLE ACCESS FULL                   | RAM_STICK          |   999K|    12M|  1009   (2)| 00:00:01 |
|  13 |      NESTED LOOPS                          |                    |   165 |  6105 |   673   (1)| 00:00:01 |
|  14 |       NESTED LOOPS                         |                    |   165 |  5280 |   508   (1)| 00:00:01 |
|  15 |        NESTED LOOPS                        |                    |   167 |  3841 |   342   (0)| 00:00:01 |
|* 16 |         TABLE ACCESS BY INDEX ROWID BATCHED| RAM_STICK          |   167 |  2171 |     8   (0)| 00:00:01 |
|* 17 |          INDEX RANGE SCAN                  | SYS_C008874        |  1000 |       |     4   (0)| 00:00:01 |
|  18 |         TABLE ACCESS BY INDEX ROWID        | COMPUTER           |     1 |    10 |     2   (0)| 00:00:01 |
|* 19 |          INDEX UNIQUE SCAN                 | SYS_C008860        |     1 |       |     1   (0)| 00:00:01 |
|  20 |        TABLE ACCESS BY INDEX ROWID         | ROOM               |     1 |     9 |     1   (0)| 00:00:01 |
|* 21 |         INDEX UNIQUE SCAN                  | SYS_C008856        |     1 |       |     0   (0)| 00:00:01 |
|* 22 |       INDEX UNIQUE SCAN                    | SYS_C008869        |     1 |     5 |     1   (0)| 00:00:01 |
-----------------------------------------------------------------------------------------------------------------
 
Predicate Information (identified by operation id):
---------------------------------------------------
 
   2 - access("ITEM_1"="AC"."BUILDING_ID")
   6 - access("CP"."ROOM_ID"="R"."ROOM_ID")
   8 - access("CP"."COMPUTER_ID"="RS"."COMPUTER_ID")
   9 - access("CP"."COMPUTER_ID"="C"."CPU_ID")
  10 - filter("C"."MEMORY"<2)
  11 - filter("CP"."HDD_MEMORY"<3000)
  12 - filter(LNNVL("RS"."RAM_STICK_ID"<1000) OR LNNVL("RS"."MEMORY"<4))
  16 - filter("RS"."MEMORY"<4)
  17 - access("RS"."RAM_STICK_ID"<1000)
  19 - access("CP"."COMPUTER_ID"="RS"."COMPUTER_ID")
  21 - access("CP"."ROOM_ID"="R"."ROOM_ID")
  22 - access("CP"."COMPUTER_ID"="C"."CPU_ID")
 
Note
-----
   - this is an adaptive plan
