Plan hash value: 2864941028
 
-----------------------------------------------------------------------------------------------------------------------
| Id  | Operation                 | Name              | Rows  | Bytes |TempSpc| Cost (%CPU)| Time     | Pstart| Pstop |
-----------------------------------------------------------------------------------------------------------------------
|   0 | UPDATE STATEMENT          |                   | 44466 |  1172K|       | 67589   (1)| 00:00:03 |       |       |
|   1 |  UPDATE                   | SOFTWARE          |       |       |       |            |          |       |       |
|*  2 |   HASH JOIN RIGHT SEMI    |                   | 44466 |  1172K|  1088K| 67589   (1)| 00:00:03 |       |       |
|   3 |    VIEW                   | VW_NSO_1          | 44466 |   564K|       | 44289   (1)| 00:00:02 |       |       |
|*  4 |     HASH JOIN SEMI        |                   | 44466 |  4038K|  3872K| 44284   (1)| 00:00:02 |       |       |
|*  5 |      HASH JOIN            |                   | 98939 |  2705K|       | 35529   (1)| 00:00:02 |       |       |
|*  6 |       HASH JOIN           |                   | 24732 |   434K|       | 34331   (1)| 00:00:02 |       |       |
|*  7 |        TABLE ACCESS FULL  | ROOM              |  2500 | 20000 |       |   171   (1)| 00:00:01 |       |       |
|   8 |         SORT AGGREGATE    |                   |     1 |     3 |       |            |          |       |       |
|   9 |          TABLE ACCESS FULL| BUILDING          |   500 |  1500 |       |     5   (0)| 00:00:01 |       |       |
|  10 |        TABLE ACCESS FULL  | COMPUTER          |   499K|  4882K|       | 34157   (1)| 00:00:02 |       |       |
|  11 |       TABLE ACCESS FULL   | SOFTWARE_COMPUTER |  2000K|    19M|       |  1185   (3)| 00:00:01 |       |       |
|  12 |      PARTITION HASH INLIST|                   |   571K|    35M|       |  6477   (3)| 00:00:01 |KEY(I) |KEY(I) |
|* 13 |       TABLE ACCESS FULL   | SOFTWARE_PH       |   571K|    35M|       |  6477   (3)| 00:00:01 |KEY(I) |KEY(I) |
|  14 |    TABLE ACCESS FULL      | SOFTWARE          |  2000K|    26M|       | 20760   (1)| 00:00:01 |       |       |
-----------------------------------------------------------------------------------------------------------------------
 
Predicate Information (identified by operation id):
---------------------------------------------------
 
   2 - access("SOFTWARE_ID"="SOFTWARE_ID")
   4 - access("S"."SOFTWARE_ID"="SC"."SOFTWARE_ID")
   5 - access("SC"."COMPUTER_ID"="CP"."COMPUTER_ID")
   6 - access("CP"."ROOM_ID"="R"."ROOM_ID")
   7 - filter("R"."FLOOR"< (SELECT SUM("FLOORS_NUMBER")/COUNT("FLOORS_NUMBER")/2 FROM "BUILDING" "BUILDING"))
  13 - filter("S"."PUBLISHER"='Adobe' OR "S"."PUBLISHER"='IBM' OR "S"."PUBLISHER"='Microsoft')
 
Note
-----
   - dynamic statistics used: dynamic sampling (level=2)
