Plan hash value: 329407846
 
--------------------------------------------------------------------------------------------------------------------
| Id  | Operation                              | Name                      | Rows  | Bytes | Cost (%CPU)| Time     |
--------------------------------------------------------------------------------------------------------------------
|   0 | SELECT STATEMENT                       |                           |     1 |    72 |  1679   (1)| 00:00:01 |
|   1 |  SORT AGGREGATE                        |                           |     1 |    72 |            |          |
|*  2 |   HASH JOIN                            |                           |  3761 |   264K|  1673   (1)| 00:00:01 |
|   3 |    TABLE ACCESS BY INDEX ROWID BATCHED | CPU                       |  5614 | 44912 |   617   (0)| 00:00:01 |
|*  4 |     INDEX RANGE SCAN                   | CPU_CORES_NUMBER_INDEX    |  5614 |       |    13   (0)| 00:00:01 |
|*  5 |    HASH JOIN                           |                           |  3750 |   234K|  1055   (1)| 00:00:01 |
|   6 |     TABLE ACCESS BY INDEX ROWID BATCHED| COMPUTER                  |  1250 | 21250 |   539   (1)| 00:00:01 |
|   7 |      BITMAP CONVERSION TO ROWIDS       |                           |       |       |            |          |
|   8 |       BITMAP AND                       |                           |       |       |            |          |
|   9 |        BITMAP CONVERSION FROM ROWIDS   |                           |       |       |            |          |
|  10 |         SORT ORDER BY                  |                           |       |       |            |          |
|* 11 |          INDEX RANGE SCAN              | COMPUTER_HDD_MEMORY_INDEX |  3369 |       |     9   (0)| 00:00:01 |
|  12 |           SORT AGGREGATE               |                           |     1 |     4 |            |          |
|  13 |            INDEX FULL SCAN (MIN/MAX)   | COMPUTER_SSD_MEMORY_INDEX |     1 |     4 |     3   (0)| 00:00:01 |
|  14 |        BITMAP CONVERSION FROM ROWIDS   |                           |       |       |            |          |
|  15 |         SORT ORDER BY                  |                           |       |       |            |          |
|* 16 |          INDEX RANGE SCAN              | COMPUTER_SSD_MEMORY_INDEX |  3369 |       |    12   (0)| 00:00:01 |
|  17 |           SORT AGGREGATE               |                           |     1 |     3 |            |          |
|  18 |            INDEX FULL SCAN (MIN/MAX)   | COMPUTER_HDD_MEMORY_INDEX |     1 |     3 |     3   (0)| 00:00:01 |
|  19 |     MERGE JOIN CARTESIAN               |                           |   150K|  6884K|   515   (1)| 00:00:01 |
|* 20 |      TABLE ACCESS FULL                 | BUILDING                  |     3 |   114 |     5   (0)| 00:00:01 |
|  21 |      BUFFER SORT                       |                           | 50000 |   439K|   510   (1)| 00:00:01 |
|  22 |       TABLE ACCESS FULL                | ROOM                      | 50000 |   439K|   170   (1)| 00:00:01 |
--------------------------------------------------------------------------------------------------------------------
 
Predicate Information (identified by operation id):
---------------------------------------------------
 
   2 - access("CP"."COMPUTER_ID"="C"."COMPUTER_ID")
   4 - access("C"."CORES_NUMBER">8)
   5 - access("CP"."ROOM_ID"="R"."ROOM_ID")
  11 - access("CP"."HDD_MEMORY"< (SELECT MAX("SSD_MEMORY") FROM "COMPUTER" "COMPUTER"))
       filter("CP"."HDD_MEMORY"< (SELECT MAX("SSD_MEMORY") FROM "COMPUTER" "COMPUTER"))
  16 - access("CP"."SSD_MEMORY"> (SELECT MIN("HDD_MEMORY") FROM "COMPUTER" "COMPUTER"))
       filter("CP"."SSD_MEMORY"> (SELECT MIN("HDD_MEMORY") FROM "COMPUTER" "COMPUTER"))
  20 - filter("B"."COUNTRY"='Andorra' OR "B"."COUNTRY"='Kiribati')
