Plan hash value: 3877486821
 
------------------------------------------------------------------------------------------------------------------------------
| Id  | Operation                                 | Name                     | Rows  | Bytes |TempSpc| Cost (%CPU)| Time     |
------------------------------------------------------------------------------------------------------------------------------
|   0 | UPDATE STATEMENT                          |                          | 46680 |  3555K|       | 79559   (1)| 00:00:04 |
|   1 |  UPDATE                                   | SOFTWARE                 |       |       |       |            |          |
|*  2 |   HASH JOIN RIGHT SEMI                    |                          | 46680 |  3555K|  1144K| 79559   (1)| 00:00:04 |
|   3 |    VIEW                                   | VW_NSO_1                 | 46680 |   592K|       | 51434   (1)| 00:00:03 |
|*  4 |     HASH JOIN SEMI                        |                          | 46680 |  3874K|  3872K| 51429   (1)| 00:00:03 |
|*  5 |      HASH JOIN                            |                          | 98939 |  2705K|       | 35383   (1)| 00:00:02 |
|*  6 |       HASH JOIN                           |                          | 24735 |   434K|       | 34185   (1)| 00:00:02 |
|   7 |        TABLE ACCESS BY INDEX ROWID BATCHED| ROOM                     |  2500 | 20000 |       |    25   (0)| 00:00:01 |
|*  8 |         INDEX RANGE SCAN                  | ROOM_FLOOR_INDEX         |   450 |       |       |     2   (0)| 00:00:01 |
|   9 |          SORT AGGREGATE                   |                          |     1 |     3 |       |            |          |
|  10 |           TABLE ACCESS FULL               | BUILDING                 |   500 |  1500 |       |     5   (0)| 00:00:01 |
|  11 |        TABLE ACCESS FULL                  | COMPUTER                 |   500K|  4882K|       | 34157   (1)| 00:00:02 |
|  12 |       TABLE ACCESS FULL                   | SOFTWARE_COMPUTER        |  2000K|    19M|       |  1185   (3)| 00:00:01 |
|* 13 |      VIEW                                 | index$_join$_002         |   600K|    32M|       | 13890   (1)| 00:00:01 |
|* 14 |       HASH JOIN                           |                          |       |       |       |            |          |
|  15 |        INLIST ITERATOR                    |                          |       |       |       |            |          |
|* 16 |         INDEX RANGE SCAN                  | SOFTWARE_PUBLISHER_INDEX |   600K|    32M|       |  5246   (1)| 00:00:01 |
|  17 |        INDEX FAST FULL SCAN               | SYS_C008882              |   600K|    32M|       |  4869   (1)| 00:00:01 |
|  18 |    TABLE ACCESS FULL                      | SOFTWARE                 |  2000K|   123M|       | 20760   (1)| 00:00:01 |
------------------------------------------------------------------------------------------------------------------------------
 
Predicate Information (identified by operation id):
---------------------------------------------------
 
   2 - access("SOFTWARE_ID"="SOFTWARE_ID")
   4 - access("S"."SOFTWARE_ID"="SC"."SOFTWARE_ID")
   5 - access("SC"."COMPUTER_ID"="CP"."COMPUTER_ID")
   6 - access("CP"."ROOM_ID"="R"."ROOM_ID")
   8 - access("R"."FLOOR"< (SELECT SUM("FLOORS_NUMBER")/COUNT("FLOORS_NUMBER")/2 FROM "BUILDING" "BUILDING"))
  13 - filter("S"."PUBLISHER"='Adobe' OR "S"."PUBLISHER"='IBM' OR "S"."PUBLISHER"='Microsoft')
  14 - access(ROWID=ROWID)
  16 - access("S"."PUBLISHER"='Adobe' OR "S"."PUBLISHER"='IBM' OR "S"."PUBLISHER"='Microsoft')
