Plan hash value: 15366855
 
--------------------------------------------------------------------------------------------------------------------
| Id  | Operation                                 | Name                   | Rows  | Bytes | Cost (%CPU)| Time     |
--------------------------------------------------------------------------------------------------------------------
|   0 | DELETE STATEMENT                          |                        |   247 |  7410 | 38108   (1)| 00:00:02 |
|   1 |  DELETE                                   | COMPUTER               |       |       |            |          |
|   2 |   NESTED LOOPS                            |                        |   247 |  7410 | 38108   (1)| 00:00:02 |
|   3 |    NESTED LOOPS                           |                        |   247 |  7410 | 38108   (1)| 00:00:02 |
|   4 |     VIEW                                  | VW_NSO_1               |   247 |  3211 | 37613   (1)| 00:00:02 |
|   5 |      SORT UNIQUE                          |                        |   247 | 20501 |            |          |
|*  6 |       HASH JOIN                           |                        |   247 | 20501 | 35141   (1)| 00:00:02 |
|*  7 |        HASH JOIN                          |                        |  4947 |   362K| 34333   (1)| 00:00:02 |
|*  8 |         HASH JOIN                         |                        |   500 | 32500 |   173   (1)| 00:00:01 |
|*  9 |          VIEW                             | index$_join$_005       |     5 |   280 |     2   (0)| 00:00:01 |
|* 10 |           HASH JOIN                       |                        |       |       |            |          |
|* 11 |            INDEX RANGE SCAN               | BUILDING_COUNTRY_INDEX |     5 |   280 |     1   (0)| 00:00:01 |
|  12 |            INDEX FAST FULL SCAN           | SYS_C008850            |     5 |   280 |     1   (0)| 00:00:01 |
|  13 |          TABLE ACCESS FULL                | ROOM                   | 50000 |   439K|   171   (1)| 00:00:01 |
|  14 |         TABLE ACCESS FULL                 | COMPUTER               |   500K|  4882K| 34157   (1)| 00:00:02 |
|  15 |        TABLE ACCESS BY INDEX ROWID BATCHED| GPU                    | 25000 |   195K|   808   (1)| 00:00:01 |
|* 16 |         INDEX RANGE SCAN                  | GPU_MEMORY_INDEX       |  4500 |       |    11   (0)| 00:00:01 |
|  17 |          SORT AGGREGATE                   |                        |     1 |     3 |            |          |
|  18 |           INDEX FULL SCAN (MIN/MAX)       | GPU_TGP_INDEX          |   500K|  1464K|            |          |
|* 19 |     INDEX UNIQUE SCAN                     | SYS_C008860            |     1 |       |     1   (0)| 00:00:01 |
|  20 |    TABLE ACCESS BY INDEX ROWID            | COMPUTER               |     1 |    17 |     2   (0)| 00:00:01 |
--------------------------------------------------------------------------------------------------------------------
 
Predicate Information (identified by operation id):
---------------------------------------------------
 
   6 - access("CP"."COMPUTER_ID"="G"."COMPUTER_ID")
   7 - access("CP"."ROOM_ID"="R"."ROOM_ID")
   8 - access("R"."BUILDING_ID"="B"."BUILDING_ID")
   9 - filter("B"."SYS_NC00009$"='costa rica')
  10 - access(ROWID=ROWID)
  11 - access(LOWER("COUNTRY")='costa rica')
  16 - access("G"."MEMORY"> (SELECT MAX("TGP")/4 FROM "GPU" "GPU"))
  19 - access("COMPUTER_ID"="COMPUTER_ID")
