Plan hash value: 2960445626
 
-----------------------------------------------------------------------------------------------------------------------
| Id  | Operation                                 | Name                      | Rows  | Bytes | Cost (%CPU)| Time     |
-----------------------------------------------------------------------------------------------------------------------
|   0 | INSERT STATEMENT                          |                           | 51629 |  2773K| 11732   (1)| 00:00:01 |
|   1 |  LOAD TABLE CONVENTIONAL                  | WORKPLACE                 |       |       |            |          |
|*  2 |   HASH JOIN                               |                           | 51629 |  2773K|  7698   (1)| 00:00:01 |
|   3 |    TABLE ACCESS FULL                      | ACCOUNT_BUILDING          |  1000 |  8000 |     3   (0)| 00:00:01 |
|*  4 |    HASH JOIN                              |                           | 25815 |  1184K|  7695   (1)| 00:00:01 |
|*  5 |     TABLE ACCESS FULL                     | GPU                       | 25000 |   195K|  2474   (1)| 00:00:01 |
|   6 |      SORT AGGREGATE                       |                           |     1 |     3 |            |          |
|   7 |       TABLE ACCESS FULL                   | GPU                       |   500K|  1464K|  2472   (1)| 00:00:01 |
|*  8 |     HASH JOIN                             |                           | 25815 |   983K|  5220   (1)| 00:00:01 |
|   9 |      TABLE ACCESS BY INDEX ROWID BATCHED  | CPU                       | 25000 |   195K|   495   (0)| 00:00:01 |
|* 10 |       INDEX RANGE SCAN                    | CPU_CORES_NUMBER_INDEX    |  4500 |       |    11   (0)| 00:00:01 |
|  11 |        SORT AGGREGATE                     |                           |     1 |     3 |            |          |
|  12 |         INDEX FAST FULL SCAN              | CPU_CORES_NUMBER_INDEX    |   500K|  1464K|   270   (2)| 00:00:01 |
|* 13 |      HASH JOIN                            |                           | 25815 |   781K|  4725   (1)| 00:00:01 |
|* 14 |       HASH JOIN                           |                           | 25000 |   561K|  3718   (1)| 00:00:01 |
|  15 |        TABLE ACCESS BY INDEX ROWID BATCHED| COMPUTER                  | 25000 |   341K|  3547   (1)| 00:00:01 |
|* 16 |         INDEX RANGE SCAN                  | COMPUTER_SSD_MEMORY_INDEX |  4500 |       |    12   (0)| 00:00:01 |
|  17 |          SORT AGGREGATE                   |                           |     1 |     4 |            |          |
|  18 |           INDEX FAST FULL SCAN            | COMPUTER_SSD_MEMORY_INDEX |   500K|  1953K|   289   (2)| 00:00:01 |
|  19 |        TABLE ACCESS FULL                  | ROOM                      | 50000 |   439K|   171   (1)| 00:00:01 |
|* 20 |       TABLE ACCESS FULL                   | RAM_STICK                 | 50000 |   390K|  1006   (2)| 00:00:01 |
|  21 |        SORT AGGREGATE                     |                           |     1 |     3 |            |          |
|  22 |         TABLE ACCESS FULL                 | RAM_STICK                 |  1000K|  2929K|  1002   (2)| 00:00:01 |
-----------------------------------------------------------------------------------------------------------------------
 
Predicate Information (identified by operation id):
---------------------------------------------------
 
   2 - access("R"."BUILDING_ID"="AC"."BUILDING_ID")
   4 - access("CP"."COMPUTER_ID"="G"."GPU_ID")
   5 - filter("G"."TGP">= (SELECT SUM("TGP")/COUNT("TGP") FROM "GPU" "GPU"))
   8 - access("CP"."COMPUTER_ID"="C"."CPU_ID")
  10 - access("C"."CORES_NUMBER">= (SELECT SUM("CORES_NUMBER")/COUNT("CORES_NUMBER") FROM "CPU" "CPU"))
  13 - access("CP"."COMPUTER_ID"="RS"."COMPUTER_ID")
  14 - access("CP"."ROOM_ID"="R"."ROOM_ID")
  16 - access("CP"."SSD_MEMORY">= (SELECT SUM("SSD_MEMORY")/COUNT("SSD_MEMORY") FROM "COMPUTER" "COMPUTER"))
  20 - filter("RS"."MEMORY">= (SELECT SUM("MEMORY")/COUNT("MEMORY") FROM "RAM_STICK" "RAM_STICK"))
 
Note
-----
   - this is an adaptive plan
