Plan hash value: 3446382632
 
------------------------------------------------------------------------------------------------------
| Id  | Operation                 | Name             | Rows  | Bytes |TempSpc| Cost (%CPU)| Time     |
------------------------------------------------------------------------------------------------------
|   0 | SELECT STATEMENT          |                  |     1 |       |       | 53068   (1)| 00:00:03 |
|   1 |  SORT AGGREGATE           |                  |     1 |       |       |            |          |
|   2 |   VIEW                    |                  |   306K|       |       | 53068   (1)| 00:00:03 |
|   3 |    HASH GROUP BY          |                  |   306K|    43M|    47M| 53068   (1)| 00:00:03 |
|*  4 |     HASH JOIN             |                  |   306K|    43M|       | 42904   (1)| 00:00:02 |
|   5 |      VIEW                 | VW_GBF_84        |   310 |  5270 |       |     4  (25)| 00:00:01 |
|   6 |       HASH GROUP BY       |                  |   310 |  1240 |       |     4  (25)| 00:00:01 |
|   7 |        TABLE ACCESS FULL  | ACCOUNT_BUILDING |   500 |  2000 |       |     3   (0)| 00:00:01 |
|*  8 |      HASH JOIN            |                  |   494K|    62M|       | 42897   (1)| 00:00:02 |
|   9 |       TABLE ACCESS FULL   | BUILDING         |   500 | 21000 |       |     5   (0)| 00:00:01 |
|* 10 |       HASH JOIN           |                  |   989K|    85M|       | 42885   (1)| 00:00:02 |
|  11 |        TABLE ACCESS FULL  | ROOM             | 50000 |   439K|       |   171   (1)| 00:00:01 |
|* 12 |        HASH JOIN          |                  |  1000K|    78M|    29M| 42707   (1)| 00:00:02 |
|* 13 |         HASH JOIN         |                  |  1000K|    18M|    10M| 36696   (1)| 00:00:02 |
|  14 |          TABLE ACCESS FULL| COMPUTER         |   500K|  4882K|       | 34158   (1)| 00:00:02 |
|  15 |          TABLE ACCESS FULL| RAM_STICK        |  1000K|  8789K|       |  1006   (2)| 00:00:01 |
|  16 |         TABLE ACCESS FULL | CPU              |   500K|    30M|       |  2751   (1)| 00:00:01 |
------------------------------------------------------------------------------------------------------
 
Predicate Information (identified by operation id):
---------------------------------------------------
 
   4 - access("B"."BUILDING_ID"="ITEM_1")
   8 - access("R"."BUILDING_ID"="B"."BUILDING_ID")
       filter("CPU"."MIN_CLOCK_SPEED">3.0 AND ("CPU"."MEMORY">2 OR ("RAM"."CLOCK_SPEED"=1000 
              OR "RAM"."CLOCK_SPEED"=1333 OR "RAM"."CLOCK_SPEED"=1600 OR "RAM"."CLOCK_SPEED"=2400)) OR 
              "CPU"."MANUFACTURER"='Intel' AND ("B"."COUNTRY"='Andorra' OR "B"."COUNTRY"='Kiribati'))
  10 - access("CP"."ROOM_ID"="R"."ROOM_ID")
  12 - access("CP"."COMPUTER_ID"="CPU"."COMPUTER_ID")
  13 - access("CP"."COMPUTER_ID"="RAM"."COMPUTER_ID")
