Plan hash value: 3132378015
 
----------------------------------------------------------------------------------
| Id  | Operation            | Name      | Rows  | Bytes | Cost (%CPU)| Time     |
----------------------------------------------------------------------------------
|   0 | SELECT STATEMENT     |           |     1 |    10 | 47776   (1)| 00:00:02 |
|   1 |  SORT AGGREGATE      |           |     1 |    10 |            |          |
|*  2 |   FILTER             |           |       |       |            |          |
|*  3 |    TABLE ACCESS FULL | COMPUTER  |    10 |   100 | 34158   (1)| 00:00:02 |
|   4 |    SORT AGGREGATE    |           |     1 |     5 |            |          |
|*  5 |     TABLE ACCESS FULL| CPU       |     2 |    10 |  2753   (1)| 00:00:01 |
|   6 |    SORT AGGREGATE    |           |     1 |     5 |            |          |
|*  7 |     TABLE ACCESS FULL| GPU       |     2 |    10 |  2474   (1)| 00:00:01 |
|   8 |    SORT AGGREGATE    |           |     1 |     5 |            |          |
|*  9 |     TABLE ACCESS FULL| RAM_STICK |     2 |    10 |  1009   (2)| 00:00:01 |
----------------------------------------------------------------------------------
 
Predicate Information (identified by operation id):
---------------------------------------------------
 
   2 - filter( (SELECT COUNT(*) FROM "CPU" "CPU" WHERE 
              "COMPUTER_ID"=:B1)>1 OR  (SELECT COUNT(*) FROM "GPU" "GPU" WHERE 
              "COMPUTER_ID"=:B2)>1 OR  (SELECT COUNT(*) FROM "RAM_STICK" "RAM_STICK" 
              WHERE "COMPUTER_ID"=:B3)>2)
   3 - filter("CP"."ROOM_ID"=2211)
   5 - filter("COMPUTER_ID"=:B1)
   7 - filter("COMPUTER_ID"=:B1)
   9 - filter("COMPUTER_ID"=:B1)
