Plan hash value: 266978147
 
----------------------------------------------------------------------------------------
| Id  | Operation                | Name        | Rows  | Bytes | Cost (%CPU)| Time     |
----------------------------------------------------------------------------------------
|   0 | INSERT STATEMENT         |             |   600K|    74M| 21913   (1)| 00:00:01 |
|   1 |  LOAD TABLE CONVENTIONAL | SOFTWARE    |       |       |            |          |
|   2 |   SORT AGGREGATE         |             |     1 |       |            |          |
|   3 |    INDEX FAST FULL SCAN  | SYS_C008882 |  2000K|       |  1067   (2)| 00:00:01 |
|*  4 |   TABLE ACCESS FULL      | SOFTWARE    |   600K|    74M| 20846   (1)| 00:00:01 |
----------------------------------------------------------------------------------------
 
Predicate Information (identified by operation id):
---------------------------------------------------
 
   4 - filter("PUBLISHER"='Adobe' OR "PUBLISHER"='IBM' OR 
              "PUBLISHER"='Microsoft')
