Plan hash value: 1548755972
 
---------------------------------------------------------------------------------------------------
| Id  | Operation                     | Name              | Rows  | Bytes | Cost (%CPU)| Time     |
---------------------------------------------------------------------------------------------------
|   0 | UPDATE STATEMENT              |                   |  8924 |   679K| 74251   (1)| 00:00:03 |
|   1 |  UPDATE                       | SOFTWARE          |       |       |            |          |
|   2 |   NESTED LOOPS                |                   |  8924 |   679K| 74251   (1)| 00:00:03 |
|   3 |    NESTED LOOPS               |                   |  8924 |   679K| 74251   (1)| 00:00:03 |
|   4 |     VIEW                      | VW_NSO_1          |  8924 |   113K| 56392   (1)| 00:00:03 |
|   5 |      SORT UNIQUE              |                   |  8924 |   888K|            |          |
|*  6 |       HASH JOIN SEMI          |                   |  8924 |   888K| 56392   (1)| 00:00:03 |
|*  7 |        HASH JOIN              |                   | 15830 |   571K| 35532   (1)| 00:00:02 |
|*  8 |         HASH JOIN             |                   |  3958 |   104K| 34334   (1)| 00:00:02 |
|*  9 |          HASH JOIN            |                   |   400 |  6800 |   174   (1)| 00:00:01 |
|* 10 |           TABLE ACCESS FULL   | ACCOUNT_BUILDING  |     4 |    32 |     3   (0)| 00:00:01 |
|  11 |           TABLE ACCESS FULL   | ROOM              | 50000 |   439K|   171   (1)| 00:00:01 |
|  12 |          TABLE ACCESS FULL    | COMPUTER          |   500K|  4882K| 34157   (1)| 00:00:02 |
|  13 |         TABLE ACCESS FULL     | SOFTWARE_COMPUTER |  2000K|    19M|  1185   (3)| 00:00:01 |
|* 14 |        TABLE ACCESS FULL      | SOFTWARE          |   717K|    44M| 20855   (1)| 00:00:01 |
|* 15 |     INDEX UNIQUE SCAN         | SYS_C008882       |     1 |       |     1   (0)| 00:00:01 |
|  16 |    TABLE ACCESS BY INDEX ROWID| SOFTWARE          |     1 |    65 |     2   (0)| 00:00:01 |
---------------------------------------------------------------------------------------------------
 
Predicate Information (identified by operation id):
---------------------------------------------------
 
   6 - access("S"."SOFTWARE_ID"="SC"."SOFTWARE_ID")
   7 - access("SC"."COMPUTER_ID"="CP"."COMPUTER_ID")
   8 - access("CP"."ROOM_ID"="R"."ROOM_ID")
   9 - access("R"."BUILDING_ID"="AB"."BUILDING_ID")
  10 - filter("AB"."ACCOUNT_ID"=4)
  14 - filter("S"."EXPIRE_DATE"<=TO_DATE(' 2022-12-31 00:00:00', 'syyyy-mm-dd hh24:mi:ss') 
              AND ("S"."PUBLISHER"='Adobe' OR "S"."PUBLISHER"='Google' OR "S"."PUBLISHER"='IBM' OR 
              "S"."PUBLISHER"='JetBrains' OR "S"."PUBLISHER"='Microsoft' OR "S"."PUBLISHER"='Mozilla' OR 
              "S"."PUBLISHER"='Yahoo'))
  15 - access("SOFTWARE_ID"="SOFTWARE_ID")
