Plan hash value: 1326019849
 
-------------------------------------------------------------------------------------------------
| Id  | Operation                         | Name        | Rows  | Bytes | Cost (%CPU)| Time     |
-------------------------------------------------------------------------------------------------
|   0 | INSERT STATEMENT                  |             |     1 |   121 |    13   (0)| 00:00:01 |
|   1 |  LOAD TABLE CONVENTIONAL          | WORKPLACE   |       |       |            |          |
|   2 |   NESTED LOOPS                    |             |     1 |   121 |     1   (0)| 00:00:01 |
|   3 |    NESTED LOOPS                   |             |     1 |   121 |     1   (0)| 00:00:01 |
|   4 |     NESTED LOOPS                  |             |     1 |    95 |     1   (0)| 00:00:01 |
|   5 |      NESTED LOOPS                 |             |     1 |    69 |     1   (0)| 00:00:01 |
|   6 |       NESTED LOOPS                |             |     1 |    43 |     1   (0)| 00:00:01 |
|   7 |        INDEX FULL SCAN            | SYS_C008334 |   300 |  1200 |     1   (0)| 00:00:01 |
|*  8 |        TABLE ACCESS BY INDEX ROWID| COMPUTER    |     1 |    39 |     0   (0)| 00:00:01 |
|*  9 |         INDEX UNIQUE SCAN         | SYS_C008349 |     1 |       |     0   (0)| 00:00:01 |
|  10 |         SORT AGGREGATE            |             |     1 |    13 |            |          |
|  11 |          TABLE ACCESS FULL        | COMPUTER    |     1 |    13 |     3   (0)| 00:00:01 |
|* 12 |       TABLE ACCESS BY INDEX ROWID | RAM_STICK   |     1 |    26 |     0   (0)| 00:00:01 |
|* 13 |        INDEX UNIQUE SCAN          | SYS_C008363 |     1 |       |     0   (0)| 00:00:01 |
|  14 |        SORT AGGREGATE             |             |     1 |    13 |            |          |
|  15 |         TABLE ACCESS FULL         | RAM_STICK   |     1 |    13 |     3   (0)| 00:00:01 |
|* 16 |      TABLE ACCESS BY INDEX ROWID  | CPU         |     1 |    26 |     0   (0)| 00:00:01 |
|* 17 |       INDEX UNIQUE SCAN           | SYS_C008358 |     1 |       |     0   (0)| 00:00:01 |
|  18 |       SORT AGGREGATE              |             |     1 |    13 |            |          |
|  19 |        TABLE ACCESS FULL          | CPU         |     1 |    13 |     3   (0)| 00:00:01 |
|* 20 |     INDEX UNIQUE SCAN             | SYS_C008368 |     1 |       |     0   (0)| 00:00:01 |
|* 21 |    TABLE ACCESS BY INDEX ROWID    | GPU         |     1 |    26 |     0   (0)| 00:00:01 |
|  22 |     SORT AGGREGATE                |             |     1 |    13 |            |          |
|  23 |      TABLE ACCESS FULL            | GPU         |     1 |    13 |     3   (0)| 00:00:01 |
-------------------------------------------------------------------------------------------------
 
Predicate Information (identified by operation id):
---------------------------------------------------
 
   8 - filter("COMPUTER"."SSD_MEMORY"> (SELECT 
              ROUND(SUM("COMPUTER"."SSD_MEMORY")/COUNT("COMPUTER"."SSD_MEMORY")) FROM "COMPUTER" 
              "COMPUTER"))
   9 - access("ACCOUNT"."ACCOUNT_ID"="COMPUTER"."COMPUTER_ID")
  12 - filter("RAM_STICK"."MEMORY">= (SELECT 
              ROUND(SUM("RAM_STICK"."MEMORY")/COUNT("RAM_STICK"."MEMORY")) FROM "RAM_STICK" 
              "RAM_STICK"))
  13 - access("RAM_STICK"."RAM_STICK_ID"="COMPUTER"."COMPUTER_ID")
  16 - filter("CPU"."CORES_NUMBER">= (SELECT 
              ROUND(SUM("CPU"."CORES_NUMBER")/COUNT("CPU"."CORES_NUMBER")) FROM "CPU" "CPU"))
  17 - access("CPU"."CPU_ID"="COMPUTER"."COMPUTER_ID")
  20 - access("GPU"."GPU_ID"="COMPUTER"."COMPUTER_ID")
  21 - filter("GPU"."TGP">= (SELECT ROUND(SUM("GPU"."TGP")/COUNT("GPU"."TGP")) FROM 