Plan hash value: 1476239124
 
--------------------------------------------------------------------------------------------------------------------
| Id  | Operation                              | Name                      | Rows  | Bytes | Cost (%CPU)| Time     |
--------------------------------------------------------------------------------------------------------------------
|   0 | SELECT STATEMENT                       |                           |     1 |    72 |  2256   (1)| 00:00:01 |
|   1 |  SORT AGGREGATE                        |                           |     1 |    72 |            |          |
|*  2 |   HASH JOIN                            |                           |  3761 |   264K|  2059   (1)| 00:00:01 |
|   3 |    TABLE ACCESS BY INDEX ROWID BATCHED | CPU                       |  5614 | 44912 |  1025   (1)| 00:00:01 |
|   4 |     BITMAP CONVERSION TO ROWIDS        |                           |       |       |            |          |
|*  5 |      BITMAP INDEX RANGE SCAN           | CPU_CORES_NUMBER_INDEX    |       |       |            |          |
|*  6 |    HASH JOIN                           |                           |  3750 |   234K|  1034   (1)| 00:00:01 |
|   7 |     TABLE ACCESS BY INDEX ROWID BATCHED| COMPUTER                  |  1250 | 21250 |   518   (1)| 00:00:01 |
|   8 |      BITMAP CONVERSION TO ROWIDS       |                           |       |       |            |          |
|   9 |       BITMAP AND                       |                           |       |       |            |          |
|  10 |        BITMAP MERGE                    |                           |       |       |            |          |
|* 11 |         BITMAP INDEX RANGE SCAN        | COMPUTER_HDD_MEMORY_INDEX |       |       |            |          |
|  12 |          SORT AGGREGATE                |                           |     1 |     4 |            |          |
|  13 |           BITMAP INDEX SINGLE VALUE    | COMPUTER_SSD_MEMORY_INDEX |   500K|  1953K|    88   (0)| 00:00:01 |
|  14 |        BITMAP MERGE                    |                           |       |       |            |          |
|* 15 |         BITMAP INDEX RANGE SCAN        | COMPUTER_SSD_MEMORY_INDEX |       |       |            |          |
|  16 |          SORT AGGREGATE                |                           |     1 |     3 |            |          |
|  17 |           BITMAP INDEX SINGLE VALUE    | COMPUTER_HDD_MEMORY_INDEX |   500K|  1464K|   109   (0)| 00:00:01 |
|  18 |     MERGE JOIN CARTESIAN               |                           |   150K|  6884K|   515   (1)| 00:00:01 |
|* 19 |      TABLE ACCESS FULL                 | BUILDING                  |     3 |   114 |     5   (0)| 00:00:01 |
|  20 |      BUFFER SORT                       |                           | 50000 |   439K|   510   (1)| 00:00:01 |
|  21 |       TABLE ACCESS FULL                | ROOM                      | 50000 |   439K|   170   (1)| 00:00:01 |
--------------------------------------------------------------------------------------------------------------------
 
Predicate Information (identified by operation id):
---------------------------------------------------
 
   2 - access("CP"."COMPUTER_ID"="C"."COMPUTER_ID")
   5 - access("C"."CORES_NUMBER">8)
       filter("C"."CORES_NUMBER">8)
   6 - access("CP"."ROOM_ID"="R"."ROOM_ID")
  11 - access("CP"."HDD_MEMORY"< (SELECT MAX("SSD_MEMORY") FROM "COMPUTER" "COMPUTER"))
       filter("CP"."HDD_MEMORY"< (SELECT MAX("SSD_MEMORY") FROM "COMPUTER" "COMPUTER"))
  15 - access("CP"."SSD_MEMORY"> (SELECT MIN("HDD_MEMORY") FROM "COMPUTER" "COMPUTER"))
       filter("CP"."SSD_MEMORY"> (SELECT MIN("HDD_MEMORY") FROM "COMPUTER" "COMPUTER"))
  19 - filter("B"."COUNTRY"='Andorra' OR "B"."COUNTRY"='Kiribati')
