Plan hash value: 2075604059
 
------------------------------------------------------------------------------------------------------------------------
| Id  | Operation                           | Name                     | Rows  | Bytes |TempSpc| Cost (%CPU)| Time     |
------------------------------------------------------------------------------------------------------------------------
|   0 | UPDATE STATEMENT                    |                          | 46680 |  3555K|       | 74498   (1)| 00:00:03 |
|   1 |  UPDATE                             | SOFTWARE                 |       |       |       |            |          |
|*  2 |   HASH JOIN RIGHT SEMI              |                          | 46680 |  3555K|  1144K| 74498   (1)| 00:00:03 |
|   3 |    VIEW                             | VW_NSO_1                 | 46680 |   592K|       | 46373   (1)| 00:00:02 |
|*  4 |     HASH JOIN SEMI                  |                          | 46680 |  3874K|  3872K| 46368   (1)| 00:00:02 |
|*  5 |      HASH JOIN                      |                          | 98939 |  2705K|       | 35455   (1)| 00:00:02 |
|*  6 |       HASH JOIN                     |                          | 24735 |   434K|       | 34257   (1)| 00:00:02 |
|*  7 |        VIEW                         | index$_join$_007         |  2500 | 20000 |       |    97   (2)| 00:00:01 |
|*  8 |         HASH JOIN                   |                          |       |       |       |            |          |
|   9 |          BITMAP CONVERSION TO ROWIDS|                          |  2500 | 20000 |       |     2   (0)| 00:00:01 |
|* 10 |           BITMAP INDEX RANGE SCAN   | ROOM_FLOOR_INDEX         |       |       |       |            |          |
|  11 |            SORT AGGREGATE           |                          |     1 |     3 |       |            |          |
|  12 |             TABLE ACCESS FULL       | BUILDING                 |   500 |  1500 |       |     5   (0)| 00:00:01 |
|  13 |          INDEX FAST FULL SCAN       | SYS_C008856              |  2500 | 20000 |       |   118   (0)| 00:00:01 |
|  14 |        TABLE ACCESS FULL            | COMPUTER                 |   500K|  4882K|       | 34157   (1)| 00:00:02 |
|  15 |       TABLE ACCESS FULL             | SOFTWARE_COMPUTER        |  2000K|    19M|       |  1185   (3)| 00:00:01 |
|* 16 |      VIEW                           | index$_join$_002         |   600K|    32M|       |  8757   (1)| 00:00:01 |
|* 17 |       HASH JOIN                     |                          |       |       |       |            |          |
|  18 |        INLIST ITERATOR              |                          |       |       |       |            |          |
|  19 |         BITMAP CONVERSION TO ROWIDS |                          |   600K|    32M|       |   102   (0)| 00:00:01 |
|* 20 |          BITMAP INDEX SINGLE VALUE  | SOFTWARE_PUBLISHER_INDEX |       |       |       |            |          |
|  21 |        INDEX FAST FULL SCAN         | SYS_C008882              |   600K|    32M|       |  4869   (1)| 00:00:01 |
|  22 |    TABLE ACCESS FULL                | SOFTWARE                 |  2000K|   123M|       | 20760   (1)| 00:00:01 |
------------------------------------------------------------------------------------------------------------------------
 
Predicate Information (identified by operation id):
---------------------------------------------------
 
   2 - access("SOFTWARE_ID"="SOFTWARE_ID")
   4 - access("S"."SOFTWARE_ID"="SC"."SOFTWARE_ID")
   5 - access("SC"."COMPUTER_ID"="CP"."COMPUTER_ID")
   6 - access("CP"."ROOM_ID"="R"."ROOM_ID")
   7 - filter("R"."FLOOR"< (SELECT SUM("FLOORS_NUMBER")/COUNT("FLOORS_NUMBER")/2 FROM "BUILDING" "BUILDING"))
   8 - access(ROWID=ROWID)
  10 - access("R"."FLOOR"< (SELECT SUM("FLOORS_NUMBER")/COUNT("FLOORS_NUMBER")/2 FROM "BUILDING" "BUILDING"))
       filter("R"."FLOOR"< (SELECT SUM("FLOORS_NUMBER")/COUNT("FLOORS_NUMBER")/2 FROM "BUILDING" "BUILDING"))
  16 - filter("S"."PUBLISHER"='Adobe' OR "S"."PUBLISHER"='IBM' OR "S"."PUBLISHER"='Microsoft')
  17 - access(ROWID=ROWID)
  20 - access("S"."PUBLISHER"='Adobe' OR "S"."PUBLISHER"='IBM' OR "S"."PUBLISHER"='Microsoft')
