Plan hash value: 1516855843
 
-----------------------------------------------------------------------------------------------------------------------
| Id  | Operation                                 | Name                      | Rows  | Bytes | Cost (%CPU)| Time     |
-----------------------------------------------------------------------------------------------------------------------
|   0 | INSERT STATEMENT                          |                           | 51629 |  2773K| 21582   (1)| 00:00:01 |
|   1 |  LOAD TABLE CONVENTIONAL                  | WORKPLACE                 |       |       |            |          |
|*  2 |   HASH JOIN                               |                           | 51629 |  2773K| 17983   (1)| 00:00:01 |
|   3 |    TABLE ACCESS FULL                      | ACCOUNT_BUILDING          |  1000 |  8000 |     3   (0)| 00:00:01 |
|*  4 |    HASH JOIN                              |                           | 25815 |  1184K| 17980   (1)| 00:00:01 |
|*  5 |     TABLE ACCESS FULL                     | GPU                       | 25000 |   195K|  2474   (1)| 00:00:01 |
|   6 |      SORT AGGREGATE                       |                           |     1 |     3 |            |          |
|   7 |       TABLE ACCESS FULL                   | GPU                       |   500K|  1464K|  2472   (1)| 00:00:01 |
|*  8 |     HASH JOIN                             |                           | 25815 |   983K| 15506   (1)| 00:00:01 |
|*  9 |      VIEW                                 | index$_join$_011          | 25000 |   195K|   952   (2)| 00:00:01 |
|* 10 |       HASH JOIN                           |                           |       |       |            |          |
|  11 |        BITMAP CONVERSION TO ROWIDS        |                           | 25000 |   195K|     2   (0)| 00:00:01 |
|* 12 |         BITMAP INDEX RANGE SCAN           | CPU_CORES_NUMBER_INDEX    |       |       |            |          |
|  13 |          SORT AGGREGATE                   |                           |     1 |     3 |            |          |
|  14 |           BITMAP CONVERSION TO ROWIDS     |                           |   500K|  1464K|    36   (0)| 00:00:01 |
|  15 |            BITMAP INDEX FAST FULL SCAN    | CPU_CORES_NUMBER_INDEX    |       |       |            |          |
|  16 |        INDEX FAST FULL SCAN               | SYS_C008869               | 25000 |   195K|  1183   (1)| 00:00:01 |
|* 17 |      HASH JOIN                            |                           | 25815 |   781K| 14554   (1)| 00:00:01 |
|* 18 |       HASH JOIN                           |                           | 25000 |   561K| 13547   (1)| 00:00:01 |
|  19 |        TABLE ACCESS BY INDEX ROWID BATCHED| COMPUTER                  | 25000 |   341K| 13376   (1)| 00:00:01 |
|  20 |         BITMAP CONVERSION TO ROWIDS       |                           |       |       |            |          |
|* 21 |          BITMAP INDEX RANGE SCAN          | COMPUTER_SSD_MEMORY_INDEX |       |       |            |          |
|  22 |           SORT AGGREGATE                  |                           |     1 |     4 |            |          |
|  23 |            BITMAP CONVERSION TO ROWIDS    |                           |   500K|  1953K|    88   (0)| 00:00:01 |
|  24 |             BITMAP INDEX FAST FULL SCAN   | COMPUTER_SSD_MEMORY_INDEX |       |       |            |          |
|  25 |        TABLE ACCESS FULL                  | ROOM                      | 50000 |   439K|   171   (1)| 00:00:01 |
|* 26 |       TABLE ACCESS FULL                   | RAM_STICK                 | 50000 |   390K|  1006   (2)| 00:00:01 |
|  27 |        SORT AGGREGATE                     |                           |     1 |     3 |            |          |
|  28 |         TABLE ACCESS FULL                 | RAM_STICK                 |  1000K|  2929K|  1002   (2)| 00:00:01 |
-----------------------------------------------------------------------------------------------------------------------
 
Predicate Information (identified by operation id):
---------------------------------------------------
 
   2 - access("R"."BUILDING_ID"="AC"."BUILDING_ID")
   4 - access("CP"."COMPUTER_ID"="G"."GPU_ID")
   5 - filter("G"."TGP">= (SELECT SUM("TGP")/COUNT("TGP") FROM "GPU" "GPU"))
   8 - access("CP"."COMPUTER_ID"="C"."CPU_ID")
   9 - filter("C"."CORES_NUMBER">= (SELECT SUM("CORES_NUMBER")/COUNT("CORES_NUMBER") FROM "CPU" "CPU"))
  10 - access(ROWID=ROWID)
  12 - access("C"."CORES_NUMBER">= (SELECT SUM("CORES_NUMBER")/COUNT("CORES_NUMBER") FROM "CPU" "CPU"))
       filter("C"."CORES_NUMBER">= (SELECT SUM("CORES_NUMBER")/COUNT("CORES_NUMBER") FROM "CPU" "CPU"))
  17 - access("CP"."COMPUTER_ID"="RS"."COMPUTER_ID")
  18 - access("CP"."ROOM_ID"="R"."ROOM_ID")
  21 - access("CP"."SSD_MEMORY">= (SELECT SUM("SSD_MEMORY")/COUNT("SSD_MEMORY") FROM "COMPUTER" "COMPUTER"))
       filter("CP"."SSD_MEMORY">= (SELECT SUM("SSD_MEMORY")/COUNT("SSD_MEMORY") FROM "COMPUTER" "COMPUTER"))
  26 - filter("RS"."MEMORY">= (SELECT SUM("MEMORY")/COUNT("MEMORY") FROM "RAM_STICK" "RAM_STICK"))
 
Note
-----
   - this is an adaptive plan
