Plan hash value: 2604541985
 
----------------------------------------------------------------------------------------------
| Id  | Operation                 | Name             | Rows  | Bytes | Cost (%CPU)| Time     |
----------------------------------------------------------------------------------------------
|   0 | INSERT STATEMENT          |                  | 51629 |  2773K| 80938   (1)| 00:00:04 |
|   1 |  LOAD TABLE CONVENTIONAL  | WORKPLACE        |       |       |            |          |
|*  2 |   HASH JOIN               |                  | 51629 |  2773K| 40561   (1)| 00:00:02 |
|   3 |    TABLE ACCESS FULL      | ACCOUNT_BUILDING |  1000 |  8000 |     3   (0)| 00:00:01 |
|*  4 |    HASH JOIN              |                  | 25815 |  1184K| 40558   (1)| 00:00:02 |
|*  5 |     TABLE ACCESS FULL     | GPU              | 25000 |   195K|  2474   (1)| 00:00:01 |
|   6 |      SORT AGGREGATE       |                  |     1 |     3 |            |          |
|   7 |       TABLE ACCESS FULL   | GPU              |   500K|  1464K|  2472   (1)| 00:00:01 |
|*  8 |     HASH JOIN             |                  | 25815 |   983K| 38084   (1)| 00:00:02 |
|*  9 |      TABLE ACCESS FULL    | CPU              | 25000 |   195K|  2749   (1)| 00:00:01 |
|  10 |       SORT AGGREGATE      |                  |     1 |     3 |            |          |
|  11 |        TABLE ACCESS FULL  | CPU              |   500K|  1464K|  2748   (1)| 00:00:01 |
|* 12 |      HASH JOIN            |                  | 25815 |   781K| 35334   (1)| 00:00:02 |
|* 13 |       HASH JOIN           |                  | 25000 |   561K| 34328   (1)| 00:00:02 |
|* 14 |        TABLE ACCESS FULL  | COMPUTER         | 25000 |   341K| 34156   (1)| 00:00:02 |
|  15 |         SORT AGGREGATE    |                  |     1 |     4 |            |          |
|  16 |          TABLE ACCESS FULL| COMPUTER         |   500K|  1953K| 34155   (1)| 00:00:02 |
|  17 |        TABLE ACCESS FULL  | ROOM             | 50000 |   439K|   171   (1)| 00:00:01 |
|* 18 |       TABLE ACCESS FULL   | RAM_STICK        | 50000 |   390K|  1006   (2)| 00:00:01 |
|  19 |        SORT AGGREGATE     |                  |     1 |     3 |            |          |
|  20 |         TABLE ACCESS FULL | RAM_STICK        |  1000K|  2929K|  1002   (2)| 00:00:01 |
----------------------------------------------------------------------------------------------
 
Predicate Information (identified by operation id):
---------------------------------------------------
 
   2 - access("R"."BUILDING_ID"="AC"."BUILDING_ID")
   4 - access("CP"."COMPUTER_ID"="G"."GPU_ID")
   5 - filter("G"."TGP">= (SELECT SUM("TGP")/COUNT("TGP") FROM "GPU" "GPU"))
   8 - access("CP"."COMPUTER_ID"="C"."CPU_ID")
   9 - filter("C"."CORES_NUMBER">= (SELECT SUM("CORES_NUMBER")/COUNT("CORES_NUMBER") 
              FROM "CPU" "CPU"))
  12 - access("CP"."COMPUTER_ID"="RS"."COMPUTER_ID")
  13 - access("CP"."ROOM_ID"="R"."ROOM_ID")
  14 - filter("CP"."SSD_MEMORY">= (SELECT SUM("SSD_MEMORY")/COUNT("SSD_MEMORY") FROM 
              "COMPUTER" "COMPUTER"))
  18 - filter("RS"."MEMORY">= (SELECT SUM("MEMORY")/COUNT("MEMORY") FROM "RAM_STICK" 
              "RAM_STICK"))
 
Note
-----
   - this is an adaptive plan
